::1 - - [17/Oct/2025 16:28:28] "GET / HTTP/1.1" 200 -
::1 - - [17/Oct/2025 16:28:28] "GET /assets/styles.css HTTP/1.1" 200 -
::1 - - [17/Oct/2025 16:28:28] "GET /assets/main.js HTTP/1.1" 200 -
::1 - - [17/Oct/2025 16:28:28] code 404, message File not found
::1 - - [17/Oct/2025 16:28:28] "GET /favicon.ico HTTP/1.1" 404 -
::1 - - [17/Oct/2025 16:31:02] "GET / HTTP/1.1" 200 -
::1 - - [17/Oct/2025 16:31:02] "GET /assets/styles.css HTTP/1.1" 200 -
::1 - - [17/Oct/2025 16:31:02] "GET /assets/main.js HTTP/1.1" 200 -
::1 - - [17/Oct/2025 16:31:02] code 404, message File not found
::1 - - [17/Oct/2025 16:31:02] "GET /favicon.ico HTTP/1.1" 404 -
::1 - - [17/Oct/2025 16:31:59] "GET / HTTP/1.1" 200 -
::1 - - [17/Oct/2025 16:31:59] "GET /assets/main.js HTTP/1.1" 200 -
::1 - - [17/Oct/2025 16:31:59] "GET /assets/styles.css HTTP/1.1" 200 -
::1 - - [17/Oct/2025 16:31:59] code 404, message File not found
::1 - - [17/Oct/2025 16:31:59] "GET /favicon.ico HTTP/1.1" 404 -
::1 - - [17/Oct/2025 16:32:59] "GET / HTTP/1.1" 200 -
::1 - - [17/Oct/2025 16:32:59] "GET /assets/styles.css HTTP/1.1" 200 -
::1 - - [17/Oct/2025 16:32:59] "GET /assets/main.js HTTP/1.1" 200 -
::1 - - [17/Oct/2025 16:32:59] code 404, message File not found
::1 - - [17/Oct/2025 16:32:59] "GET /favicon.ico HTTP/1.1" 404 -
::1 - - [17/Oct/2025 16:33:20] "GET / HTTP/1.1" 200 -
::1 - - [17/Oct/2025 16:33:20] "GET /assets/styles.css HTTP/1.1" 200 -
::1 - - [17/Oct/2025 16:33:20] "GET /assets/main.js HTTP/1.1" 200 -
::1 - - [17/Oct/2025 16:33:20] code 404, message File not found
::1 - - [17/Oct/2025 16:33:20] "GET /favicon.ico HTTP/1.1" 404 -
::1 - - [17/Oct/2025 16:33:27] "GET / HTTP/1.1" 200 -
::1 - - [17/Oct/2025 16:33:27] "GET /assets/styles.css HTTP/1.1" 200 -
::1 - - [17/Oct/2025 16:33:27] "GET /assets/main.js HTTP/1.1" 200 -
::1 - - [17/Oct/2025 16:33:27] code 404, message File not found
::1 - - [17/Oct/2025 16:33:27] "GET /favicon.ico HTTP/1.1" 404 -
::1 - - [17/Oct/2025 16:34:48] "GET / HTTP/1.1" 200 -
::1 - - [17/Oct/2025 16:34:48] "GET /assets/styles.css HTTP/1.1" 200 -
::1 - - [17/Oct/2025 16:34:48] "GET /assets/main.js HTTP/1.1" 200 -
::1 - - [17/Oct/2025 16:34:48] code 404, message File not found
::1 - - [17/Oct/2025 16:34:48] "GET /favicon.ico HTTP/1.1" 404 -
::1 - - [17/Oct/2025 16:37:44] "GET / HTTP/1.1" 200 -
::1 - - [17/Oct/2025 16:37:44] "GET /assets/styles.css HTTP/1.1" 200 -
::1 - - [17/Oct/2025 16:37:44] "GET /assets/main.js HTTP/1.1" 200 -
::1 - - [17/Oct/2025 16:37:44] code 404, message File not found
::1 - - [17/Oct/2025 16:37:44] "GET /favicon.ico HTTP/1.1" 404 -
::1 - - [17/Oct/2025 16:46:22] "GET / HTTP/1.1" 200 -
::1 - - [17/Oct/2025 16:46:22] "GET /assets/styles.css HTTP/1.1" 200 -
::1 - - [17/Oct/2025 16:46:22] "GET /assets/main.js HTTP/1.1" 200 -
::1 - - [17/Oct/2025 16:46:22] code 404, message File not found
::1 - - [17/Oct/2025 16:46:22] "GET /favicon.ico HTTP/1.1" 404 -
::1 - - [17/Oct/2025 16:46:33] "GET / HTTP/1.1" 200 -
::1 - - [17/Oct/2025 16:46:33] "GET /assets/main.js HTTP/1.1" 200 -
::1 - - [17/Oct/2025 16:46:33] "GET /assets/styles.css HTTP/1.1" 200 -
::1 - - [17/Oct/2025 16:46:33] code 404, message File not found
::1 - - [17/Oct/2025 16:46:33] "GET /favicon.ico HTTP/1.1" 404 -
::1 - - [17/Oct/2025 16:46:34] "GET / HTTP/1.1" 200 -
::1 - - [17/Oct/2025 16:46:34] "GET /assets/main.js HTTP/1.1" 200 -
::1 - - [17/Oct/2025 16:46:34] "GET /assets/styles.css HTTP/1.1" 200 -
::1 - - [17/Oct/2025 16:46:34] code 404, message File not found
::1 - - [17/Oct/2025 16:46:34] "GET /favicon.ico HTTP/1.1" 404 -
::1 - - [17/Oct/2025 16:47:08] "GET / HTTP/1.1" 200 -
::1 - - [17/Oct/2025 16:47:08] "GET /assets/styles.css HTTP/1.1" 200 -
::1 - - [17/Oct/2025 16:47:08] "GET /assets/main.js HTTP/1.1" 200 -
::1 - - [17/Oct/2025 16:47:08] code 404, message File not found
::1 - - [17/Oct/2025 16:47:08] "GET /favicon.ico HTTP/1.1" 404 -
::1 - - [17/Oct/2025 16:50:11] "GET / HTTP/1.1" 200 -
::1 - - [17/Oct/2025 16:50:11] "GET /assets/styles.css HTTP/1.1" 200 -
::1 - - [17/Oct/2025 16:50:11] "GET /assets/main.js HTTP/1.1" 200 -
::1 - - [17/Oct/2025 16:50:11] code 404, message File not found
::1 - - [17/Oct/2025 16:50:11] "GET /favicon.ico HTTP/1.1" 404 -
::1 - - [17/Oct/2025 16:50:56] "GET / HTTP/1.1" 304 -
::1 - - [17/Oct/2025 16:50:56] "GET /assets/main.js HTTP/1.1" 304 -
::1 - - [17/Oct/2025 17:08:41] "GET / HTTP/1.1" 200 -
::1 - - [17/Oct/2025 17:08:41] "GET /assets/styles.css HTTP/1.1" 200 -
::1 - - [17/Oct/2025 17:08:41] "GET /assets/main.js HTTP/1.1" 200 -
::1 - - [17/Oct/2025 17:08:41] code 404, message File not found
::1 - - [17/Oct/2025 17:08:41] "GET /favicon.ico HTTP/1.1" 404 -
::1 - - [17/Oct/2025 17:15:59] "GET / HTTP/1.1" 200 -
::1 - - [17/Oct/2025 17:15:59] "GET /assets/main.js HTTP/1.1" 200 -
::1 - - [17/Oct/2025 17:15:59] "GET /assets/styles.css HTTP/1.1" 200 -
::1 - - [17/Oct/2025 17:15:59] code 404, message File not found
::1 - - [17/Oct/2025 17:15:59] "GET /favicon.ico HTTP/1.1" 404 -
::1 - - [17/Oct/2025 17:19:13] "GET / HTTP/1.1" 200 -
::1 - - [17/Oct/2025 17:19:13] "GET /assets/styles.css HTTP/1.1" 200 -
::1 - - [17/Oct/2025 17:19:13] "GET /assets/main.js HTTP/1.1" 200 -
::1 - - [17/Oct/2025 17:19:13] code 404, message File not found
::1 - - [17/Oct/2025 17:19:13] "GET /favicon.ico HTTP/1.1" 404 -
::1 - - [17/Oct/2025 17:19:48] "GET / HTTP/1.1" 200 -
::1 - - [17/Oct/2025 17:19:48] "GET /assets/styles.css HTTP/1.1" 200 -
::1 - - [17/Oct/2025 17:19:48] "GET /assets/main.js HTTP/1.1" 200 -
::1 - - [17/Oct/2025 17:19:48] code 404, message File not found
::1 - - [17/Oct/2025 17:19:48] "GET /favicon.ico HTTP/1.1" 404 -
::1 - - [17/Oct/2025 17:19:51] code 404, message File not found
::1 - - [17/Oct/2025 17:19:51] "GET /.well-known/appspecific/com.chrome.devtools.json HTTP/1.1" 404 -
::1 - - [17/Oct/2025 17:19:51] "GET /assets/main.js.map HTTP/1.1" 200 -
::1 - - [17/Oct/2025 17:19:53] "GET / HTTP/1.1" 200 -
::1 - - [17/Oct/2025 17:19:53] "GET /assets/styles.css HTTP/1.1" 200 -
::1 - - [17/Oct/2025 17:19:53] "GET /assets/main.js HTTP/1.1" 200 -
::1 - - [17/Oct/2025 17:19:53] code 404, message File not found
::1 - - [17/Oct/2025 17:19:53] "GET /.well-known/appspecific/com.chrome.devtools.json HTTP/1.1" 404 -
::1 - - [17/Oct/2025 17:19:53] code 404, message File not found
::1 - - [17/Oct/2025 17:19:53] "GET /favicon.ico HTTP/1.1" 404 -
::1 - - [17/Oct/2025 17:20:08] "GET / HTTP/1.1" 304 -
::1 - - [17/Oct/2025 17:20:08] "GET /assets/main.js HTTP/1.1" 200 -
::1 - - [17/Oct/2025 17:20:10] "GET / HTTP/1.1" 304 -
::1 - - [17/Oct/2025 17:20:10] "GET /assets/main.js HTTP/1.1" 200 -
::1 - - [17/Oct/2025 17:20:13] "GET / HTTP/1.1" 304 -
::1 - - [17/Oct/2025 17:20:13] "GET /assets/main.js HTTP/1.1" 304 -
::1 - - [17/Oct/2025 17:20:15] "GET / HTTP/1.1" 304 -
::1 - - [17/Oct/2025 17:20:15] "GET /assets/main.js HTTP/1.1" 304 -
::1 - - [17/Oct/2025 17:20:47] "GET / HTTP/1.1" 304 -
::1 - - [17/Oct/2025 17:20:47] "GET /assets/main.js HTTP/1.1" 200 -
::1 - - [17/Oct/2025 17:20:50] "GET / HTTP/1.1" 200 -
::1 - - [17/Oct/2025 17:20:50] "GET /assets/styles.css HTTP/1.1" 200 -
::1 - - [17/Oct/2025 17:20:50] "GET /assets/main.js HTTP/1.1" 200 -
::1 - - [17/Oct/2025 17:20:50] code 404, message File not found
::1 - - [17/Oct/2025 17:20:50] "GET /favicon.ico HTTP/1.1" 404 -
::1 - - [17/Oct/2025 17:20:52] "GET / HTTP/1.1" 200 -
::1 - - [17/Oct/2025 17:20:52] "GET /assets/styles.css HTTP/1.1" 200 -
::1 - - [17/Oct/2025 17:20:52] "GET /assets/main.js HTTP/1.1" 200 -
::1 - - [17/Oct/2025 17:20:52] code 404, message File not found
::1 - - [17/Oct/2025 17:20:52] "GET /favicon.ico HTTP/1.1" 404 -
::1 - - [17/Oct/2025 17:22:02] "GET / HTTP/1.1" 200 -
::1 - - [17/Oct/2025 17:22:02] "GET /assets/styles.css HTTP/1.1" 200 -
::1 - - [17/Oct/2025 17:22:02] "GET /assets/main.js HTTP/1.1" 200 -
::1 - - [17/Oct/2025 17:22:02] code 404, message File not found
::1 - - [17/Oct/2025 17:22:02] "GET /favicon.ico HTTP/1.1" 404 -
::1 - - [17/Oct/2025 17:22:21] code 404, message File not found
::1 - - [17/Oct/2025 17:22:21] "GET /.well-known/appspecific/com.chrome.devtools.json HTTP/1.1" 404 -
::1 - - [17/Oct/2025 17:22:21] "GET /assets/main.js.map HTTP/1.1" 200 -
::1 - - [17/Oct/2025 17:22:27] "GET /assets/main.js HTTP/1.1" 200 -
::1 - - [17/Oct/2025 17:22:27] code 404, message File not found
::1 - - [17/Oct/2025 17:22:27] "GET /favicon.ico HTTP/1.1" 404 -
::1 - - [17/Oct/2025 17:23:01] "GET / HTTP/1.1" 200 -
::1 - - [17/Oct/2025 17:23:01] code 404, message File not found
::1 - - [17/Oct/2025 17:23:01] "GET /.well-known/appspecific/com.chrome.devtools.json HTTP/1.1" 404 -
::1 - - [17/Oct/2025 17:23:01] "GET /assets/main.js HTTP/1.1" 200 -
::1 - - [17/Oct/2025 17:23:01] "GET /assets/styles.css HTTP/1.1" 200 -
::1 - - [17/Oct/2025 17:23:01] "GET /assets/main.js.map HTTP/1.1" 304 -
::1 - - [17/Oct/2025 17:23:01] code 404, message File not found
::1 - - [17/Oct/2025 17:23:01] "GET /favicon.ico HTTP/1.1" 404 -
::1 - - [17/Oct/2025 17:23:21] "GET / HTTP/1.1" 200 -
::1 - - [17/Oct/2025 17:23:21] "GET /assets/main.js HTTP/1.1" 200 -
::1 - - [17/Oct/2025 17:23:21] "GET /assets/styles.css HTTP/1.1" 200 -
::1 - - [17/Oct/2025 17:23:21] code 404, message File not found
::1 - - [17/Oct/2025 17:23:21] "GET /.well-known/appspecific/com.chrome.devtools.json HTTP/1.1" 404 -
::1 - - [17/Oct/2025 17:23:21] "GET /assets/main.js.map HTTP/1.1" 304 -
::1 - - [17/Oct/2025 17:23:21] code 404, message File not found
::1 - - [17/Oct/2025 17:23:21] "GET /favicon.ico HTTP/1.1" 404 -
::1 - - [17/Oct/2025 17:23:52] "GET / HTTP/1.1" 200 -
::1 - - [17/Oct/2025 17:23:52] "GET /assets/main.js HTTP/1.1" 200 -
::1 - - [17/Oct/2025 17:23:52] "GET /assets/styles.css HTTP/1.1" 200 -
::1 - - [17/Oct/2025 17:23:52] code 404, message File not found
::1 - - [17/Oct/2025 17:23:52] "GET /.well-known/appspecific/com.chrome.devtools.json HTTP/1.1" 404 -
::1 - - [17/Oct/2025 17:23:52] "GET /assets/main.js.map HTTP/1.1" 304 -
::1 - - [17/Oct/2025 17:23:52] code 404, message File not found
::1 - - [17/Oct/2025 17:23:52] "GET /favicon.ico HTTP/1.1" 404 -
::1 - - [17/Oct/2025 17:23:54] "GET / HTTP/1.1" 200 -
::1 - - [17/Oct/2025 17:23:54] "GET /assets/styles.css HTTP/1.1" 200 -
::1 - - [17/Oct/2025 17:23:54] "GET /assets/main.js HTTP/1.1" 200 -
::1 - - [17/Oct/2025 17:23:54] code 404, message File not found
::1 - - [17/Oct/2025 17:23:54] "GET /.well-known/appspecific/com.chrome.devtools.json HTTP/1.1" 404 -
::1 - - [17/Oct/2025 17:23:54] code 404, message File not found
::1 - - [17/Oct/2025 17:23:54] "GET /favicon.ico HTTP/1.1" 404 -
::1 - - [17/Oct/2025 17:23:55] "GET / HTTP/1.1" 200 -
::1 - - [17/Oct/2025 17:23:55] "GET /assets/styles.css HTTP/1.1" 200 -
::1 - - [17/Oct/2025 17:23:55] "GET /assets/main.js HTTP/1.1" 200 -
::1 - - [17/Oct/2025 17:23:55] code 404, message File not found
::1 - - [17/Oct/2025 17:23:55] "GET /.well-known/appspecific/com.chrome.devtools.json HTTP/1.1" 404 -
::1 - - [17/Oct/2025 17:23:55] code 404, message File not found
::1 - - [17/Oct/2025 17:23:55] "GET /favicon.ico HTTP/1.1" 404 -
::1 - - [17/Oct/2025 17:23:56] "GET / HTTP/1.1" 200 -
::1 - - [17/Oct/2025 17:23:56] code 404, message File not found
::1 - - [17/Oct/2025 17:23:56] "GET /.well-known/appspecific/com.chrome.devtools.json HTTP/1.1" 404 -
::1 - - [17/Oct/2025 17:23:56] "GET /assets/styles.css HTTP/1.1" 200 -
::1 - - [17/Oct/2025 17:23:56] "GET /assets/main.js HTTP/1.1" 200 -
::1 - - [17/Oct/2025 17:23:56] code 404, message File not found
::1 - - [17/Oct/2025 17:23:56] "GET /favicon.ico HTTP/1.1" 404 -
::1 - - [17/Oct/2025 17:23:57] "GET / HTTP/1.1" 200 -
::1 - - [17/Oct/2025 17:23:57] code 404, message File not found
::1 - - [17/Oct/2025 17:23:57] "GET /.well-known/appspecific/com.chrome.devtools.json HTTP/1.1" 404 -
::1 - - [17/Oct/2025 17:23:57] "GET /assets/styles.css HTTP/1.1" 200 -
::1 - - [17/Oct/2025 17:23:57] "GET /assets/main.js HTTP/1.1" 200 -
::1 - - [17/Oct/2025 17:23:57] code 404, message File not found
::1 - - [17/Oct/2025 17:23:57] "GET /favicon.ico HTTP/1.1" 404 -
::1 - - [17/Oct/2025 17:23:58] "GET / HTTP/1.1" 200 -
::1 - - [17/Oct/2025 17:23:58] code 404, message File not found
::1 - - [17/Oct/2025 17:23:58] "GET /.well-known/appspecific/com.chrome.devtools.json HTTP/1.1" 404 -
::1 - - [17/Oct/2025 17:23:58] "GET /assets/styles.css HTTP/1.1" 200 -
::1 - - [17/Oct/2025 17:23:58] "GET /assets/main.js HTTP/1.1" 200 -
::1 - - [17/Oct/2025 17:23:58] code 404, message File not found
::1 - - [17/Oct/2025 17:23:58] "GET /favicon.ico HTTP/1.1" 404 -
::1 - - [17/Oct/2025 17:23:58] "GET / HTTP/1.1" 200 -
::1 - - [17/Oct/2025 17:23:58] code 404, message File not found
::1 - - [17/Oct/2025 17:23:58] "GET /.well-known/appspecific/com.chrome.devtools.json HTTP/1.1" 404 -
::1 - - [17/Oct/2025 17:23:58] "GET /assets/styles.css HTTP/1.1" 200 -
::1 - - [17/Oct/2025 17:23:58] "GET /assets/main.js HTTP/1.1" 200 -
::1 - - [17/Oct/2025 17:23:58] code 404, message File not found
::1 - - [17/Oct/2025 17:23:58] "GET /favicon.ico HTTP/1.1" 404 -
::1 - - [17/Oct/2025 17:23:59] "GET / HTTP/1.1" 200 -
::1 - - [17/Oct/2025 17:23:59] code 404, message File not found
::1 - - [17/Oct/2025 17:23:59] "GET /.well-known/appspecific/com.chrome.devtools.json HTTP/1.1" 404 -
::1 - - [17/Oct/2025 17:23:59] "GET /assets/styles.css HTTP/1.1" 200 -
::1 - - [17/Oct/2025 17:23:59] "GET /assets/main.js HTTP/1.1" 200 -
::1 - - [17/Oct/2025 17:23:59] code 404, message File not found
::1 - - [17/Oct/2025 17:23:59] "GET /favicon.ico HTTP/1.1" 404 -
::1 - - [17/Oct/2025 17:24:00] "GET / HTTP/1.1" 200 -
::1 - - [17/Oct/2025 17:24:00] code 404, message File not found
::1 - - [17/Oct/2025 17:24:00] "GET /.well-known/appspecific/com.chrome.devtools.json HTTP/1.1" 404 -
::1 - - [17/Oct/2025 17:24:00] "GET /assets/styles.css HTTP/1.1" 200 -
::1 - - [17/Oct/2025 17:24:00] "GET /assets/main.js HTTP/1.1" 200 -
::1 - - [17/Oct/2025 17:24:00] code 404, message File not found
::1 - - [17/Oct/2025 17:24:00] "GET /favicon.ico HTTP/1.1" 404 -
::1 - - [17/Oct/2025 17:24:01] "GET / HTTP/1.1" 200 -
::1 - - [17/Oct/2025 17:24:01] code 404, message File not found
::1 - - [17/Oct/2025 17:24:01] "GET /.well-known/appspecific/com.chrome.devtools.json HTTP/1.1" 404 -
::1 - - [17/Oct/2025 17:24:01] "GET /assets/main.js HTTP/1.1" 200 -
::1 - - [17/Oct/2025 17:24:01] "GET /assets/styles.css HTTP/1.1" 200 -
::1 - - [17/Oct/2025 17:24:01] code 404, message File not found
::1 - - [17/Oct/2025 17:24:01] "GET /favicon.ico HTTP/1.1" 404 -
::1 - - [17/Oct/2025 17:24:01] "GET / HTTP/1.1" 200 -
::1 - - [17/Oct/2025 17:24:01] code 404, message File not found
::1 - - [17/Oct/2025 17:24:01] "GET /.well-known/appspecific/com.chrome.devtools.json HTTP/1.1" 404 -
::1 - - [17/Oct/2025 17:24:02] "GET /assets/styles.css HTTP/1.1" 200 -
::1 - - [17/Oct/2025 17:24:02] "GET /assets/main.js HTTP/1.1" 200 -
::1 - - [17/Oct/2025 17:24:02] code 404, message File not found
::1 - - [17/Oct/2025 17:24:02] "GET /favicon.ico HTTP/1.1" 404 -
::1 - - [17/Oct/2025 17:24:02] "GET / HTTP/1.1" 200 -
::1 - - [17/Oct/2025 17:24:02] "GET /assets/styles.css HTTP/1.1" 200 -
::1 - - [17/Oct/2025 17:24:02] "GET /assets/main.js HTTP/1.1" 200 -
::1 - - [17/Oct/2025 17:24:02] code 404, message File not found
::1 - - [17/Oct/2025 17:24:02] "GET /.well-known/appspecific/com.chrome.devtools.json HTTP/1.1" 404 -
::1 - - [17/Oct/2025 17:24:02] code 404, message File not found
::1 - - [17/Oct/2025 17:24:02] "GET /favicon.ico HTTP/1.1" 404 -
::1 - - [17/Oct/2025 17:24:03] "GET / HTTP/1.1" 200 -
::1 - - [17/Oct/2025 17:24:03] code 404, message File not found
::1 - - [17/Oct/2025 17:24:03] "GET /.well-known/appspecific/com.chrome.devtools.json HTTP/1.1" 404 -
::1 - - [17/Oct/2025 17:24:03] "GET /assets/styles.css HTTP/1.1" 200 -
::1 - - [17/Oct/2025 17:24:03] "GET /assets/main.js HTTP/1.1" 200 -
::1 - - [17/Oct/2025 17:24:03] code 404, message File not found
::1 - - [17/Oct/2025 17:24:03] "GET /favicon.ico HTTP/1.1" 404 -
::1 - - [17/Oct/2025 17:24:04] "GET / HTTP/1.1" 200 -
::1 - - [17/Oct/2025 17:24:04] code 404, message File not found
::1 - - [17/Oct/2025 17:24:04] "GET /.well-known/appspecific/com.chrome.devtools.json HTTP/1.1" 404 -
::1 - - [17/Oct/2025 17:24:04] "GET /assets/styles.css HTTP/1.1" 200 -
::1 - - [17/Oct/2025 17:24:04] "GET /assets/main.js HTTP/1.1" 200 -
::1 - - [17/Oct/2025 17:24:04] code 404, message File not found
::1 - - [17/Oct/2025 17:24:04] "GET /favicon.ico HTTP/1.1" 404 -
::1 - - [17/Oct/2025 17:24:11] "GET / HTTP/1.1" 200 -
::1 - - [17/Oct/2025 17:24:11] code 404, message File not found
::1 - - [17/Oct/2025 17:24:11] "GET /.well-known/appspecific/com.chrome.devtools.json HTTP/1.1" 404 -
::1 - - [17/Oct/2025 17:24:11] "GET /assets/styles.css HTTP/1.1" 200 -
::1 - - [17/Oct/2025 17:24:11] "GET /assets/main.js HTTP/1.1" 200 -
::1 - - [17/Oct/2025 17:24:11] "GET /assets/main.js.map HTTP/1.1" 304 -
::1 - - [17/Oct/2025 17:24:11] code 404, message File not found
::1 - - [17/Oct/2025 17:24:11] "GET /favicon.ico HTTP/1.1" 404 -
::1 - - [17/Oct/2025 17:24:12] "GET / HTTP/1.1" 200 -
::1 - - [17/Oct/2025 17:24:12] "GET /assets/styles.css HTTP/1.1" 200 -
::1 - - [17/Oct/2025 17:24:12] "GET /assets/main.js HTTP/1.1" 200 -
::1 - - [17/Oct/2025 17:24:12] code 404, message File not found
::1 - - [17/Oct/2025 17:24:12] "GET /.well-known/appspecific/com.chrome.devtools.json HTTP/1.1" 404 -
::1 - - [17/Oct/2025 17:24:12] code 404, message File not found
::1 - - [17/Oct/2025 17:24:12] "GET /favicon.ico HTTP/1.1" 404 -
::1 - - [17/Oct/2025 17:24:13] "GET / HTTP/1.1" 200 -
::1 - - [17/Oct/2025 17:24:13] "GET /assets/styles.css HTTP/1.1" 200 -
::1 - - [17/Oct/2025 17:24:13] "GET /assets/main.js HTTP/1.1" 200 -
::1 - - [17/Oct/2025 17:24:13] code 404, message File not found
::1 - - [17/Oct/2025 17:24:13] "GET /.well-known/appspecific/com.chrome.devtools.json HTTP/1.1" 404 -
::1 - - [17/Oct/2025 17:24:13] code 404, message File not found
::1 - - [17/Oct/2025 17:24:13] "GET /favicon.ico HTTP/1.1" 404 -
::1 - - [17/Oct/2025 17:24:13] "GET / HTTP/1.1" 200 -
::1 - - [17/Oct/2025 17:24:13] code 404, message File not found
::1 - - [17/Oct/2025 17:24:13] "GET /.well-known/appspecific/com.chrome.devtools.json HTTP/1.1" 404 -
::1 - - [17/Oct/2025 17:24:13] "GET /assets/styles.css HTTP/1.1" 200 -
::1 - - [17/Oct/2025 17:24:13] "GET /assets/main.js HTTP/1.1" 200 -
::1 - - [17/Oct/2025 17:24:14] code 404, message File not found
::1 - - [17/Oct/2025 17:24:14] "GET /favicon.ico HTTP/1.1" 404 -
::1 - - [17/Oct/2025 17:24:14] "GET / HTTP/1.1" 200 -
::1 - - [17/Oct/2025 17:24:14] "GET /assets/styles.css HTTP/1.1" 200 -
::1 - - [17/Oct/2025 17:24:14] "GET /assets/main.js HTTP/1.1" 200 -
::1 - - [17/Oct/2025 17:24:14] code 404, message File not found
::1 - - [17/Oct/2025 17:24:14] "GET /.well-known/appspecific/com.chrome.devtools.json HTTP/1.1" 404 -
::1 - - [17/Oct/2025 17:24:14] code 404, message File not found
::1 - - [17/Oct/2025 17:24:14] "GET /favicon.ico HTTP/1.1" 404 -
::1 - - [17/Oct/2025 17:24:15] "GET / HTTP/1.1" 200 -
::1 - - [17/Oct/2025 17:24:15] code 404, message File not found
::1 - - [17/Oct/2025 17:24:15] "GET /.well-known/appspecific/com.chrome.devtools.json HTTP/1.1" 404 -
::1 - - [17/Oct/2025 17:24:15] "GET /assets/styles.css HTTP/1.1" 200 -
::1 - - [17/Oct/2025 17:24:15] "GET /assets/main.js HTTP/1.1" 200 -
::1 - - [17/Oct/2025 17:24:15] code 404, message File not found
::1 - - [17/Oct/2025 17:24:15] "GET /favicon.ico HTTP/1.1" 404 -
::1 - - [17/Oct/2025 17:24:16] "GET / HTTP/1.1" 200 -
::1 - - [17/Oct/2025 17:24:16] code 404, message File not found
::1 - - [17/Oct/2025 17:24:16] "GET /.well-known/appspecific/com.chrome.devtools.json HTTP/1.1" 404 -
::1 - - [17/Oct/2025 17:24:16] "GET /assets/styles.css HTTP/1.1" 200 -
::1 - - [17/Oct/2025 17:24:16] "GET /assets/main.js HTTP/1.1" 200 -
::1 - - [17/Oct/2025 17:24:16] code 404, message File not found
::1 - - [17/Oct/2025 17:24:16] "GET /favicon.ico HTTP/1.1" 404 -
::1 - - [17/Oct/2025 17:24:22] "GET / HTTP/1.1" 200 -
::1 - - [17/Oct/2025 17:24:22] code 404, message File not found
::1 - - [17/Oct/2025 17:24:22] "GET /.well-known/appspecific/com.chrome.devtools.json HTTP/1.1" 404 -
::1 - - [17/Oct/2025 17:24:22] "GET /assets/main.js HTTP/1.1" 200 -
::1 - - [17/Oct/2025 17:24:22] "GET /assets/styles.css HTTP/1.1" 200 -
::1 - - [17/Oct/2025 17:24:22] code 404, message File not found
::1 - - [17/Oct/2025 17:24:22] "GET /favicon.ico HTTP/1.1" 404 -
::1 - - [17/Oct/2025 17:24:33] "GET / HTTP/1.1" 200 -
::1 - - [17/Oct/2025 17:24:33] code 404, message File not found
::1 - - [17/Oct/2025 17:24:33] "GET /.well-known/appspecific/com.chrome.devtools.json HTTP/1.1" 404 -
::1 - - [17/Oct/2025 17:24:33] "GET /assets/styles.css HTTP/1.1" 200 -
::1 - - [17/Oct/2025 17:24:33] "GET /assets/main.js HTTP/1.1" 200 -
::1 - - [17/Oct/2025 17:24:33] "GET /assets/main.js.map HTTP/1.1" 304 -
::1 - - [17/Oct/2025 17:24:33] code 404, message File not found
::1 - - [17/Oct/2025 17:24:33] "GET /favicon.ico HTTP/1.1" 404 -
::1 - - [17/Oct/2025 17:24:56] "GET / HTTP/1.1" 200 -
::1 - - [17/Oct/2025 17:24:56] "GET /assets/main.js HTTP/1.1" 200 -
::1 - - [17/Oct/2025 17:24:56] "GET /assets/styles.css HTTP/1.1" 200 -
::1 - - [17/Oct/2025 17:24:56] code 404, message File not found
::1 - - [17/Oct/2025 17:24:56] "GET /.well-known/appspecific/com.chrome.devtools.json HTTP/1.1" 404 -
::1 - - [17/Oct/2025 17:24:56] "GET /assets/main.js.map HTTP/1.1" 200 -
::1 - - [17/Oct/2025 17:24:56] code 404, message File not found
::1 - - [17/Oct/2025 17:24:56] "GET /favicon.ico HTTP/1.1" 404 -
::1 - - [17/Oct/2025 17:27:25] "GET / HTTP/1.1" 200 -
::1 - - [17/Oct/2025 17:27:25] code 404, message File not found
::1 - - [17/Oct/2025 17:27:25] "GET /.well-known/appspecific/com.chrome.devtools.json HTTP/1.1" 404 -
::1 - - [17/Oct/2025 17:27:25] "GET /assets/main.js HTTP/1.1" 200 -
::1 - - [17/Oct/2025 17:27:25] "GET /assets/styles.css HTTP/1.1" 200 -
::1 - - [17/Oct/2025 17:27:25] "GET /assets/main.js.map HTTP/1.1" 200 -
::1 - - [17/Oct/2025 17:27:25] code 404, message File not found
::1 - - [17/Oct/2025 17:27:25] "GET /favicon.ico HTTP/1.1" 404 -
::1 - - [17/Oct/2025 17:28:48] "GET / HTTP/1.1" 200 -
::1 - - [17/Oct/2025 17:28:48] "GET /assets/styles.css HTTP/1.1" 200 -
::1 - - [17/Oct/2025 17:28:48] "GET /assets/main.js HTTP/1.1" 200 -
::1 - - [17/Oct/2025 17:28:48] code 404, message File not found
::1 - - [17/Oct/2025 17:28:48] "GET /.well-known/appspecific/com.chrome.devtools.json HTTP/1.1" 404 -
::1 - - [17/Oct/2025 17:28:49] "GET /assets/main.js.map HTTP/1.1" 200 -
::1 - - [17/Oct/2025 17:28:49] code 404, message File not found
::1 - - [17/Oct/2025 17:28:49] "GET /favicon.ico HTTP/1.1" 404 -
::1 - - [17/Oct/2025 17:30:15] "GET / HTTP/1.1" 200 -
::1 - - [17/Oct/2025 17:30:15] "GET /assets/styles.css HTTP/1.1" 200 -
::1 - - [17/Oct/2025 17:30:15] "GET /assets/main.js HTTP/1.1" 200 -
::1 - - [17/Oct/2025 17:30:15] code 404, message File not found
::1 - - [17/Oct/2025 17:30:15] "GET /.well-known/appspecific/com.chrome.devtools.json HTTP/1.1" 404 -
::1 - - [17/Oct/2025 17:30:15] "GET /assets/main.js.map HTTP/1.1" 200 -
::1 - - [17/Oct/2025 17:30:15] code 404, message File not found
::1 - - [17/Oct/2025 17:30:15] "GET /favicon.ico HTTP/1.1" 404 -
::1 - - [17/Oct/2025 17:31:31] "GET / HTTP/1.1" 304 -
::1 - - [17/Oct/2025 17:31:31] code 404, message File not found
::1 - - [17/Oct/2025 17:31:31] "GET /.well-known/appspecific/com.chrome.devtools.json HTTP/1.1" 404 -
::1 - - [17/Oct/2025 17:31:31] "GET /assets/styles.css HTTP/1.1" 304 -
::1 - - [17/Oct/2025 17:31:31] "GET /assets/main.js HTTP/1.1" 304 -
::1 - - [17/Oct/2025 17:31:31] "GET /assets/main.js.map HTTP/1.1" 304 -
::1 - - [17/Oct/2025 17:31:53] "GET / HTTP/1.1" 304 -
::1 - - [17/Oct/2025 17:31:53] code 404, message File not found
::1 - - [17/Oct/2025 17:31:53] "GET /.well-known/appspecific/com.chrome.devtools.json HTTP/1.1" 404 -
::1 - - [17/Oct/2025 17:31:53] "GET /assets/main.js HTTP/1.1" 200 -
::1 - - [17/Oct/2025 17:31:53] "GET /assets/main.js.map HTTP/1.1" 200 -
::1 - - [17/Oct/2025 18:10:55] "GET / HTTP/1.1" 200 -
::1 - - [17/Oct/2025 18:10:56] "GET /assets/styles.css HTTP/1.1" 200 -
::1 - - [17/Oct/2025 18:10:56] "GET /assets/main.js HTTP/1.1" 200 -
::1 - - [17/Oct/2025 18:10:56] code 404, message File not found
::1 - - [17/Oct/2025 18:10:56] "GET /favicon.ico HTTP/1.1" 404 -
::1 - - [17/Oct/2025 18:11:00] "GET / HTTP/1.1" 304 -
::1 - - [17/Oct/2025 18:11:00] "GET /assets/styles.css HTTP/1.1" 304 -
::1 - - [17/Oct/2025 18:11:00] "GET /assets/main.js HTTP/1.1" 304 -
::1 - - [17/Oct/2025 18:11:02] "GET / HTTP/1.1" 304 -
::1 - - [17/Oct/2025 18:11:05] "GET /assets/styles.css HTTP/1.1" 304 -
::1 - - [17/Oct/2025 18:11:05] code 404, message File not found
::1 - - [17/Oct/2025 18:11:05] "GET /.well-known/appspecific/com.chrome.devtools.json HTTP/1.1" 404 -
::1 - - [17/Oct/2025 18:11:05] "GET /assets/main.js.map HTTP/1.1" 200 -
::1 - - [17/Oct/2025 18:11:19] "GET / HTTP/1.1" 200 -
::1 - - [17/Oct/2025 18:11:19] code 404, message File not found
::1 - - [17/Oct/2025 18:11:19] "GET /.well-known/appspecific/com.chrome.devtools.json HTTP/1.1" 404 -
::1 - - [17/Oct/2025 18:11:19] "GET /assets/styles.css HTTP/1.1" 200 -
::1 - - [17/Oct/2025 18:11:19] "GET /assets/main.js HTTP/1.1" 200 -
::1 - - [17/Oct/2025 18:11:19] "GET /assets/main.js.map HTTP/1.1" 304 -
::1 - - [17/Oct/2025 18:11:19] code 404, message File not found
::1 - - [17/Oct/2025 18:11:19] "GET /favicon.ico HTTP/1.1" 404 -
::1 - - [17/Oct/2025 18:11:32] "GET / HTTP/1.1" 200 -
::1 - - [17/Oct/2025 18:11:32] "GET /assets/styles.css HTTP/1.1" 200 -
::1 - - [17/Oct/2025 18:11:32] "GET /assets/main.js HTTP/1.1" 200 -
::1 - - [17/Oct/2025 18:11:32] code 404, message File not found
::1 - - [17/Oct/2025 18:11:32] "GET /favicon.ico HTTP/1.1" 404 -
::1 - - [17/Oct/2025 18:11:34] "GET / HTTP/1.1" 200 -
::1 - - [17/Oct/2025 18:11:34] "GET /assets/styles.css HTTP/1.1" 200 -
::1 - - [17/Oct/2025 18:11:34] "GET /assets/main.js HTTP/1.1" 200 -
::1 - - [17/Oct/2025 18:11:34] code 404, message File not found
::1 - - [17/Oct/2025 18:11:34] "GET /favicon.ico HTTP/1.1" 404 -
::1 - - [17/Oct/2025 18:11:34] "GET / HTTP/1.1" 200 -
::1 - - [17/Oct/2025 18:11:34] "GET /assets/main.js HTTP/1.1" 200 -
::1 - - [17/Oct/2025 18:11:34] "GET /assets/styles.css HTTP/1.1" 200 -
::1 - - [17/Oct/2025 18:11:34] code 404, message File not found
::1 - - [17/Oct/2025 18:11:34] "GET /favicon.ico HTTP/1.1" 404 -
::1 - - [17/Oct/2025 18:11:37] "GET / HTTP/1.1" 200 -
::1 - - [17/Oct/2025 18:11:37] "GET /assets/styles.css HTTP/1.1" 200 -
::1 - - [17/Oct/2025 18:11:37] "GET /assets/main.js HTTP/1.1" 200 -
::1 - - [17/Oct/2025 18:11:37] code 404, message File not found
::1 - - [17/Oct/2025 18:11:37] "GET /favicon.ico HTTP/1.1" 404 -
::1 - - [17/Oct/2025 18:11:38] "GET / HTTP/1.1" 200 -
::1 - - [17/Oct/2025 18:11:38] "GET /assets/styles.css HTTP/1.1" 200 -
::1 - - [17/Oct/2025 18:11:38] "GET /assets/main.js HTTP/1.1" 200 -
::1 - - [17/Oct/2025 18:11:38] code 404, message File not found
::1 - - [17/Oct/2025 18:11:38] "GET /favicon.ico HTTP/1.1" 404 -
::1 - - [17/Oct/2025 18:11:39] "GET / HTTP/1.1" 200 -
::1 - - [17/Oct/2025 18:11:39] "GET /assets/main.js HTTP/1.1" 200 -
::1 - - [17/Oct/2025 18:11:39] "GET /assets/styles.css HTTP/1.1" 200 -
::1 - - [17/Oct/2025 18:11:39] code 404, message File not found
::1 - - [17/Oct/2025 18:11:39] "GET /favicon.ico HTTP/1.1" 404 -
::1 - - [17/Oct/2025 18:11:44] "GET / HTTP/1.1" 200 -
::1 - - [17/Oct/2025 18:11:44] "GET /assets/styles.css HTTP/1.1" 200 -
::1 - - [17/Oct/2025 18:11:44] "GET /assets/main.js HTTP/1.1" 200 -
::1 - - [17/Oct/2025 18:11:44] code 404, message File not found
::1 - - [17/Oct/2025 18:11:44] "GET /favicon.ico HTTP/1.1" 404 -
::1 - - [17/Oct/2025 18:15:19] "GET / HTTP/1.1" 200 -
::1 - - [17/Oct/2025 18:15:19] "GET /assets/main.js HTTP/1.1" 200 -
::1 - - [17/Oct/2025 18:15:19] "GET /assets/styles.css HTTP/1.1" 200 -
::1 - - [17/Oct/2025 18:15:19] code 404, message File not found
::1 - - [17/Oct/2025 18:15:19] "GET /favicon.ico HTTP/1.1" 404 -
::1 - - [17/Oct/2025 18:16:21] "GET / HTTP/1.1" 200 -
::1 - - [17/Oct/2025 18:16:22] "GET /assets/styles.css HTTP/1.1" 200 -
::1 - - [17/Oct/2025 18:16:22] "GET /assets/main.js HTTP/1.1" 200 -
::1 - - [17/Oct/2025 18:16:22] code 404, message File not found
::1 - - [17/Oct/2025 18:16:22] "GET /favicon.ico HTTP/1.1" 404 -
::1 - - [17/Oct/2025 18:20:07] "GET / HTTP/1.1" 200 -
::1 - - [17/Oct/2025 18:20:07] "GET /assets/styles.css HTTP/1.1" 200 -
::1 - - [17/Oct/2025 18:20:07] "GET /assets/main.js HTTP/1.1" 200 -
::1 - - [17/Oct/2025 18:20:07] code 404, message File not found
::1 - - [17/Oct/2025 18:20:07] "GET /favicon.ico HTTP/1.1" 404 -
::1 - - [17/Oct/2025 19:07:01] "GET / HTTP/1.1" 200 -
::1 - - [17/Oct/2025 19:07:01] "GET /assets/main.js HTTP/1.1" 200 -
::1 - - [17/Oct/2025 19:07:01] "GET /assets/styles.css HTTP/1.1" 200 -
::1 - - [17/Oct/2025 19:07:01] code 404, message File not found
::1 - - [17/Oct/2025 19:07:01] "GET /favicon.ico HTTP/1.1" 404 -
::1 - - [17/Oct/2025 19:19:33] "GET / HTTP/1.1" 200 -
::1 - - [17/Oct/2025 19:19:34] "GET /assets/styles.css HTTP/1.1" 200 -
::1 - - [17/Oct/2025 19:19:34] "GET /assets/main.js HTTP/1.1" 200 -
::1 - - [17/Oct/2025 19:19:34] code 404, message File not found
::1 - - [17/Oct/2025 19:19:34] "GET /favicon.ico HTTP/1.1" 404 -
::1 - - [17/Oct/2025 19:40:21] "GET / HTTP/1.1" 200 -
::1 - - [17/Oct/2025 19:40:21] "GET /assets/styles.css HTTP/1.1" 200 -
::1 - - [17/Oct/2025 19:40:21] "GET /assets/main.js HTTP/1.1" 200 -
::1 - - [17/Oct/2025 19:40:21] code 404, message File not found
::1 - - [17/Oct/2025 19:40:21] "GET /favicon.ico HTTP/1.1" 404 -
::1 - - [17/Oct/2025 19:41:43] "GET / HTTP/1.1" 200 -
::1 - - [17/Oct/2025 19:41:43] "GET /assets/styles.css HTTP/1.1" 200 -
::1 - - [17/Oct/2025 19:41:43] "GET /assets/main.js HTTP/1.1" 200 -
::1 - - [17/Oct/2025 19:41:43] code 404, message File not found
::1 - - [17/Oct/2025 19:41:43] "GET /favicon.ico HTTP/1.1" 404 -
::1 - - [17/Oct/2025 19:51:01] "GET / HTTP/1.1" 200 -
::1 - - [17/Oct/2025 19:51:02] "GET /assets/main.js HTTP/1.1" 200 -
::1 - - [17/Oct/2025 19:51:02] "GET /assets/styles.css HTTP/1.1" 200 -
::1 - - [17/Oct/2025 19:51:02] code 404, message File not found
::1 - - [17/Oct/2025 19:51:02] "GET /favicon.ico HTTP/1.1" 404 -
::1 - - [17/Oct/2025 20:15:20] "GET / HTTP/1.1" 200 -
::1 - - [17/Oct/2025 20:15:20] "GET /assets/styles.css HTTP/1.1" 200 -
::1 - - [17/Oct/2025 20:15:20] "GET /assets/main.js HTTP/1.1" 200 -
::1 - - [17/Oct/2025 20:15:20] code 404, message File not found
::1 - - [17/Oct/2025 20:15:20] "GET /favicon.ico HTTP/1.1" 404 -
::1 - - [17/Oct/2025 20:16:58] "GET / HTTP/1.1" 200 -
::1 - - [17/Oct/2025 20:16:58] "GET /assets/styles.css HTTP/1.1" 200 -
::1 - - [17/Oct/2025 20:16:58] "GET /assets/main.js HTTP/1.1" 200 -
::1 - - [17/Oct/2025 20:16:58] code 404, message File not found
::1 - - [17/Oct/2025 20:16:58] "GET /favicon.ico HTTP/1.1" 404 -
::1 - - [17/Oct/2025 20:36:49] "GET / HTTP/1.1" 200 -
::1 - - [17/Oct/2025 20:36:49] "GET /assets/main.js HTTP/1.1" 200 -
::1 - - [17/Oct/2025 20:36:49] "GET /assets/styles.css HTTP/1.1" 200 -
::1 - - [17/Oct/2025 20:36:49] code 404, message File not found
::1 - - [17/Oct/2025 20:36:49] "GET /favicon.ico HTTP/1.1" 404 -
::1 - - [18/Oct/2025 01:59:48] "GET / HTTP/1.1" 200 -
::1 - - [18/Oct/2025 01:59:48] "GET /assets/main.js HTTP/1.1" 200 -
::1 - - [18/Oct/2025 01:59:48] "GET /assets/styles.css HTTP/1.1" 200 -
::1 - - [18/Oct/2025 01:59:48] code 404, message File not found
::1 - - [18/Oct/2025 01:59:48] "GET /favicon.ico HTTP/1.1" 404 -
::1 - - [18/Oct/2025 02:00:10] "GET / HTTP/1.1" 304 -
::1 - - [18/Oct/2025 02:00:51] "GET / HTTP/1.1" 200 -
::1 - - [18/Oct/2025 02:00:51] "GET /assets/main.js HTTP/1.1" 200 -
::1 - - [18/Oct/2025 02:00:51] "GET /assets/styles.css HTTP/1.1" 200 -
::1 - - [18/Oct/2025 02:00:51] code 404, message File not found
::1 - - [18/Oct/2025 02:00:51] "GET /favicon.ico HTTP/1.1" 404 -
::1 - - [18/Oct/2025 02:32:14] "GET / HTTP/1.1" 200 -
::1 - - [18/Oct/2025 02:32:14] "GET /assets/main.js HTTP/1.1" 200 -
::1 - - [18/Oct/2025 02:32:14] "GET /assets/styles.css HTTP/1.1" 200 -
::1 - - [18/Oct/2025 02:32:14] code 404, message File not found
::1 - - [18/Oct/2025 02:32:14] "GET /favicon.ico HTTP/1.1" 404 -
::1 - - [18/Oct/2025 02:55:20] "GET / HTTP/1.1" 200 -
::1 - - [18/Oct/2025 02:55:20] "GET /assets/main.js HTTP/1.1" 200 -
::1 - - [18/Oct/2025 02:55:20] "GET /assets/styles.css HTTP/1.1" 200 -
::1 - - [18/Oct/2025 02:55:20] code 404, message File not found
::1 - - [18/Oct/2025 02:55:20] "GET /favicon.ico HTTP/1.1" 404 -
::1 - - [18/Oct/2025 03:01:27] "GET / HTTP/1.1" 200 -
::1 - - [18/Oct/2025 03:01:27] "GET /assets/styles.css HTTP/1.1" 200 -
::1 - - [18/Oct/2025 03:01:27] "GET /assets/main.js HTTP/1.1" 200 -
::1 - - [18/Oct/2025 03:01:27] code 404, message File not found
::1 - - [18/Oct/2025 03:01:27] "GET /favicon.ico HTTP/1.1" 404 -
::1 - - [18/Oct/2025 03:11:03] "GET / HTTP/1.1" 200 -
::1 - - [18/Oct/2025 03:11:03] "GET /assets/main.js HTTP/1.1" 200 -
::1 - - [18/Oct/2025 03:11:03] "GET /assets/styles.css HTTP/1.1" 200 -
::1 - - [18/Oct/2025 03:11:03] code 404, message File not found
::1 - - [18/Oct/2025 03:11:03] "GET /favicon.ico HTTP/1.1" 404 -
::1 - - [18/Oct/2025 03:17:31] "GET / HTTP/1.1" 200 -
::1 - - [18/Oct/2025 03:17:31] "GET /assets/styles.css HTTP/1.1" 200 -
::1 - - [18/Oct/2025 03:17:31] "GET /assets/main.js HTTP/1.1" 200 -
::1 - - [18/Oct/2025 03:17:31] code 404, message File not found
::1 - - [18/Oct/2025 03:17:31] "GET /favicon.ico HTTP/1.1" 404 -
::1 - - [18/Oct/2025 03:55:46] "GET / HTTP/1.1" 200 -
::1 - - [18/Oct/2025 03:55:46] "GET /assets/styles.css HTTP/1.1" 200 -
::1 - - [18/Oct/2025 03:55:46] "GET /assets/main.js HTTP/1.1" 200 -
::1 - - [18/Oct/2025 03:55:46] code 404, message File not found
::1 - - [18/Oct/2025 03:55:46] "GET /favicon.ico HTTP/1.1" 404 -
::1 - - [18/Oct/2025 03:56:01] "GET /assets/styles.css HTTP/1.1" 304 -
::1 - - [18/Oct/2025 03:56:01] code 404, message File not found
::1 - - [18/Oct/2025 03:56:01] "GET /.well-known/appspecific/com.chrome.devtools.json HTTP/1.1" 404 -
::1 - - [18/Oct/2025 03:56:01] "GET /assets/main.js.map HTTP/1.1" 200 -
::1 - - [18/Oct/2025 03:58:02] "GET / HTTP/1.1" 200 -
::1 - - [18/Oct/2025 03:58:02] code 404, message File not found
::1 - - [18/Oct/2025 03:58:02] "GET /.well-known/appspecific/com.chrome.devtools.json HTTP/1.1" 404 -
::1 - - [18/Oct/2025 03:58:02] "GET /assets/main.js HTTP/1.1" 200 -
::1 - - [18/Oct/2025 03:58:02] "GET /assets/styles.css HTTP/1.1" 200 -
::1 - - [18/Oct/2025 03:58:03] "GET /assets/main.js.map HTTP/1.1" 200 -
::1 - - [18/Oct/2025 03:58:03] code 404, message File not found
::1 - - [18/Oct/2025 03:58:03] "GET /favicon.ico HTTP/1.1" 404 -
::1 - - [18/Oct/2025 04:04:31] "GET / HTTP/1.1" 200 -
::1 - - [18/Oct/2025 04:04:31] code 404, message File not found
::1 - - [18/Oct/2025 04:04:31] "GET /.well-known/appspecific/com.chrome.devtools.json HTTP/1.1" 404 -
::1 - - [18/Oct/2025 04:04:31] "GET /assets/styles.css HTTP/1.1" 200 -
::1 - - [18/Oct/2025 04:04:31] "GET /assets/main.js HTTP/1.1" 200 -
::1 - - [18/Oct/2025 04:04:31] "GET /assets/main.js.map HTTP/1.1" 200 -
::1 - - [18/Oct/2025 04:04:31] code 404, message File not found
::1 - - [18/Oct/2025 04:04:31] "GET /favicon.ico HTTP/1.1" 404 -
::1 - - [18/Oct/2025 04:09:19] "GET / HTTP/1.1" 200 -
::1 - - [18/Oct/2025 04:09:19] "GET /assets/styles.css HTTP/1.1" 200 -
::1 - - [18/Oct/2025 04:09:19] "GET /assets/main.js HTTP/1.1" 200 -
::1 - - [18/Oct/2025 04:09:19] code 404, message File not found
::1 - - [18/Oct/2025 04:09:19] "GET /favicon.ico HTTP/1.1" 404 -
::1 - - [18/Oct/2025 04:10:23] "GET / HTTP/1.1" 200 -
::1 - - [18/Oct/2025 04:10:23] "GET /assets/styles.css HTTP/1.1" 200 -
::1 - - [18/Oct/2025 04:10:23] "GET /assets/main.js HTTP/1.1" 200 -
::1 - - [18/Oct/2025 04:10:23] code 404, message File not found
::1 - - [18/Oct/2025 04:10:23] "GET /favicon.ico HTTP/1.1" 404 -
::1 - - [18/Oct/2025 04:10:38] "GET /assets/styles.css HTTP/1.1" 304 -
::1 - - [18/Oct/2025 04:10:38] "GET /assets/main.js HTTP/1.1" 304 -
::1 - - [18/Oct/2025 04:10:55] "GET / HTTP/1.1" 304 -
::1 - - [18/Oct/2025 04:10:56] "GET /assets/styles.css HTTP/1.1" 200 -
::1 - - [18/Oct/2025 04:10:56] "GET /assets/main.js HTTP/1.1" 200 -
::1 - - [18/Oct/2025 04:18:48] "GET / HTTP/1.1" 304 -
::1 - - [18/Oct/2025 04:18:48] "GET /assets/styles.css HTTP/1.1" 304 -
::1 - - [18/Oct/2025 04:18:48] "GET /assets/main.js HTTP/1.1" 304 -
::1 - - [18/Oct/2025 04:18:48] code 404, message File not found
::1 - - [18/Oct/2025 04:18:48] "GET /favicon.ico HTTP/1.1" 404 -
::1 - - [18/Oct/2025 04:25:52] "GET / HTTP/1.1" 200 -
::1 - - [18/Oct/2025 04:25:52] "GET /assets/main.js HTTP/1.1" 200 -
::1 - - [18/Oct/2025 04:25:52] "GET /assets/styles.css HTTP/1.1" 200 -
::1 - - [18/Oct/2025 04:25:52] code 404, message File not found
::1 - - [18/Oct/2025 04:25:52] "GET /favicon.ico HTTP/1.1" 404 -
::1 - - [18/Oct/2025 04:38:03] "GET / HTTP/1.1" 304 -
::1 - - [18/Oct/2025 04:38:03] "GET /assets/styles.css HTTP/1.1" 200 -
::1 - - [18/Oct/2025 04:38:03] "GET /assets/main.js HTTP/1.1" 200 -
::1 - - [18/Oct/2025 04:38:03] code 404, message File not found
::1 - - [18/Oct/2025 04:38:03] "GET /favicon.ico HTTP/1.1" 404 -
::1 - - [18/Oct/2025 04:39:43] "GET / HTTP/1.1" 304 -
::1 - - [18/Oct/2025 04:39:43] "GET /assets/styles.css HTTP/1.1" 304 -
::1 - - [18/Oct/2025 04:39:43] "GET /assets/main.js HTTP/1.1" 304 -
::1 - - [18/Oct/2025 04:42:27] "GET / HTTP/1.1" 304 -
::1 - - [18/Oct/2025 04:42:27] "GET /assets/styles.css HTTP/1.1" 304 -
::1 - - [18/Oct/2025 04:42:27] "GET /assets/main.js HTTP/1.1" 304 -
::1 - - [18/Oct/2025 08:34:25] "GET / HTTP/1.1" 200 -
::1 - - [18/Oct/2025 08:34:25] "GET /assets/styles.css HTTP/1.1" 200 -
::1 - - [18/Oct/2025 08:34:25] "GET /assets/main.js HTTP/1.1" 200 -
::1 - - [18/Oct/2025 08:34:25] code 404, message File not found
::1 - - [18/Oct/2025 08:34:25] "GET /favicon.ico HTTP/1.1" 404 -
::1 - - [18/Oct/2025 11:20:24] "GET / HTTP/1.1" 304 -
::1 - - [18/Oct/2025 11:20:24] "GET /assets/styles.css HTTP/1.1" 304 -
::1 - - [18/Oct/2025 11:20:24] "GET /assets/main.js HTTP/1.1" 200 -
::1 - - [18/Oct/2025 11:20:24] code 404, message File not found
::1 - - [18/Oct/2025 11:20:24] "GET /favicon.ico HTTP/1.1" 404 -
