2025-10-15 19:24:55,662 - INFO - [35m================================================================================
2025-10-15 19:24:55,662 - INFO - [35m🚀 Starting San Diego Fish Scraper
2025-10-15 19:24:55,662 - INFO - [35m================================================================================
2025-10-15 19:24:55,662 - INFO - [36m📅 Start date: 2025-09-22
2025-10-15 19:24:55,662 - INFO - [36m🔧 Dry run mode: True
2025-10-15 19:24:55,662 - INFO - [36m📄 Max pages: 1
2025-10-15 19:24:55,662 - INFO - [35m
================================================================================
2025-10-15 19:24:55,662 - INFO - [35m📄 Processing page 1/1
2025-10-15 19:24:55,662 - INFO - [35m================================================================================
2025-10-15 19:24:55,662 - INFO - [36m🌐 Fetching: https://www.sandiegofishreports.com/fish_reports/saltwater.php
2025-10-15 19:24:56,061 - INFO - [32m✅ Successfully fetched 52508 bytes
2025-10-15 19:24:56,071 - INFO - [32m✅ Parsed 0 reports from page
2025-10-15 19:24:56,072 - WARNING - [33m⚠️  No reports found on page 1, stopping
2025-10-15 19:24:56,072 - INFO - [35m
================================================================================
2025-10-15 19:24:56,072 - INFO - [35m📊 SCRAPING SUMMARY
2025-10-15 19:24:56,072 - INFO - [35m================================================================================
2025-10-15 19:24:56,072 - INFO - [32m✅ Trips found: 0
2025-10-15 19:24:56,072 - INFO - [32m✅ Trips inserted: 0
2025-10-15 19:24:56,072 - INFO - [33m⚠️  Trips skipped: 0
2025-10-15 19:24:56,072 - INFO - [35m================================================================================

