2025-10-16 21:48:41,099 - INFO - 
================================================================================
2025-10-16 21:48:41,099 - INFO - 🚀 QC VALIDATION - DATE RANGE
2025-10-16 21:48:41,099 - INFO - ================================================================================
2025-10-16 21:48:41,099 - INFO - 📅 Date range: 2025-04-11 to 2025-04-15
2025-10-16 21:48:41,141 - INFO - ✅ Supabase connected
2025-10-16 21:48:41,141 - INFO - 
================================================================================
2025-10-16 21:48:41,141 - INFO - 🔍 QC VALIDATION: 2025-04-11
2025-10-16 21:48:41,141 - INFO - ================================================================================
2025-10-16 21:48:41,141 - INFO - 🌐 Fetching: https://www.sandiegofishreports.com/dock_totals/boats.php?date=2025-04-11
2025-10-16 21:48:42,959 - INFO - ✅ Fetched 42872 bytes
2025-10-16 21:48:42,967 - INFO - 📍 Landing header detected: Southern CaliforniaPrevious Day Next Day
2025-10-16 21:48:42,967 - INFO - 📍 Landing header detected: Fisherman's Landing
2025-10-16 21:48:42,967 - INFO - 🔍 Found boat: Boat at line 40
2025-10-16 21:48:42,968 - INFO -    Next lines:
2025-10-16 21:48:42,968 - INFO -      +0: 'Dock Totals'
2025-10-16 21:48:42,968 - INFO -      +1: 'Dolphin'
2025-10-16 21:48:42,968 - INFO -      +2: 'Fisherman's Landing'
2025-10-16 21:48:42,968 - INFO -      +3: 'San Diego, CA'
2025-10-16 21:48:42,968 - INFO -    Incomplete data, skipping
2025-10-16 21:48:42,968 - INFO - 🔍 Found boat: Dolphin at line 43
2025-10-16 21:48:42,968 - INFO -    Next lines:
2025-10-16 21:48:42,968 - INFO -      +0: 'San Diego, CA'
2025-10-16 21:48:42,968 - INFO -      +1: '11 Anglers1/2 Day PM'
2025-10-16 21:48:42,968 - INFO -      +2: '11 Sculpin, 22 Sheephead, 66 Rockfish'
2025-10-16 21:48:42,968 - INFO -      +3: 'H&M Landing Fish Counts'
2025-10-16 21:48:42,968 - INFO -    Found 11 anglers, trip: '1/2 Day PM' at offset +1
2025-10-16 21:48:42,968 - INFO -    Catches: '11 Sculpin, 22 Sheephead, 66 Rockfish'
2025-10-16 21:48:42,969 - INFO - ✅ Parsed: Dolphin - 3 species, 11 anglers
2025-10-16 21:48:42,969 - INFO - 📍 Landing header detected: H&M Landing
2025-10-16 21:48:42,969 - INFO - 🔍 Found boat: Boat at line 49
2025-10-16 21:48:42,969 - INFO -    Next lines:
2025-10-16 21:48:42,969 - INFO -      +0: 'Dock Totals'
2025-10-16 21:48:42,969 - INFO -      +1: 'Premier'
2025-10-16 21:48:42,969 - INFO -      +2: 'H&M Landing'
2025-10-16 21:48:42,969 - INFO -      +3: 'San Diego, CA'
2025-10-16 21:48:42,969 - INFO -    Incomplete data, skipping
2025-10-16 21:48:42,969 - INFO - 🔍 Found boat: Premier at line 52
2025-10-16 21:48:42,969 - INFO -    Next lines:
2025-10-16 21:48:42,969 - INFO -      +0: 'San Diego, CA'
2025-10-16 21:48:42,969 - INFO -      +1: '52 Anglers1/2 Day AM'
2025-10-16 21:48:42,969 - INFO -      +2: '1 Sculpin, 55 Rockfish'
2025-10-16 21:48:42,969 - INFO -      +3: 'Premier'
2025-10-16 21:48:42,969 - INFO -    Found 52 anglers, trip: '1/2 Day AM' at offset +1
2025-10-16 21:48:42,969 - INFO -    Catches: '1 Sculpin, 55 Rockfish'
2025-10-16 21:48:42,969 - INFO - ✅ Parsed: Premier - 2 species, 52 anglers
2025-10-16 21:48:42,969 - INFO - 🔍 Found boat: Premier at line 57
2025-10-16 21:48:42,969 - INFO -    Next lines:
2025-10-16 21:48:42,969 - INFO -      +0: 'San Diego, CA'
2025-10-16 21:48:42,969 - INFO -      +1: '16 Anglers1/2 Day PM'
2025-10-16 21:48:42,969 - INFO -      +2: '5 Sand Bass, 28 Sculpin, 38 Rockfish'
2025-10-16 21:48:42,969 - INFO -      +3: 'Oceanside Sea Center Fish Counts'
2025-10-16 21:48:42,969 - INFO -    Found 16 anglers, trip: '1/2 Day PM' at offset +1
2025-10-16 21:48:42,969 - INFO -    Catches: '5 Sand Bass, 28 Sculpin, 38 Rockfish'
2025-10-16 21:48:42,969 - INFO - ✅ Parsed: Premier - 3 species, 16 anglers
2025-10-16 21:48:42,969 - INFO - 📍 Landing header detected: Oceanside Sea Center
2025-10-16 21:48:42,969 - INFO - 🔍 Found boat: Boat at line 63
2025-10-16 21:48:42,969 - INFO -    Next lines:
2025-10-16 21:48:42,969 - INFO -      +0: 'Dock Totals'
2025-10-16 21:48:42,969 - INFO -      +1: 'Blue Horizon'
2025-10-16 21:48:42,970 - INFO -      +2: 'Oceanside Sea Center'
2025-10-16 21:48:42,970 - INFO -      +3: 'Oceanside, CA'
2025-10-16 21:48:42,970 - INFO -    Incomplete data, skipping
2025-10-16 21:48:42,970 - INFO - 🔍 Found boat: Blue Horizon at line 66
2025-10-16 21:48:42,970 - INFO -    Next lines:
2025-10-16 21:48:42,970 - INFO -      +0: 'Oceanside, CA'
2025-10-16 21:48:42,970 - INFO -      +1: '28 Anglers3/4 Day'
2025-10-16 21:48:42,970 - INFO -      +2: '1 Sculpin, 72 Whitefish, 107 Rockfish, 30 Sanddab'
2025-10-16 21:48:42,970 - INFO -      +3: 'Southern Cal'
2025-10-16 21:48:42,970 - INFO -    Found 28 anglers, trip: '3/4 Day' at offset +1
2025-10-16 21:48:42,970 - INFO -    Catches: '1 Sculpin, 72 Whitefish, 107 Rockfish, 30 Sanddab'
2025-10-16 21:48:42,970 - INFO - ✅ Parsed: Blue Horizon - 4 species, 28 anglers
2025-10-16 21:48:42,970 - INFO - 🔍 Found boat: Southern Cal at line 71
2025-10-16 21:48:42,970 - INFO -    Next lines:
2025-10-16 21:48:42,970 - INFO -      +0: 'Oceanside, CA'
2025-10-16 21:48:42,970 - INFO -      +1: '0 Anglers1/2 Day AM'
2025-10-16 21:48:42,970 - INFO -      +2: '70 Sculpin, 3 Whitefish, 85 Rockfish, 25 Sanddab, 30 Sculpin Released'
2025-10-16 21:48:42,970 - INFO -      +3: 'Point Loma Sportfishing Fish Counts'
2025-10-16 21:48:42,970 - INFO -    Found 0 anglers, trip: '1/2 Day AM' at offset +1
2025-10-16 21:48:42,970 - INFO -    Catches: '70 Sculpin, 3 Whitefish, 85 Rockfish, 25 Sanddab, 30 Sculpin Released'
2025-10-16 21:48:42,970 - INFO -    Incomplete data, skipping
2025-10-16 21:48:42,970 - INFO - 📍 Landing header detected: Point Loma Sportfishing
2025-10-16 21:48:42,970 - INFO - 🔍 Found boat: Boat at line 77
2025-10-16 21:48:42,970 - INFO -    Next lines:
2025-10-16 21:48:42,970 - INFO -      +0: 'Dock Totals'
2025-10-16 21:48:42,970 - INFO -      +1: 'Point Loma'
2025-10-16 21:48:42,970 - INFO -      +2: 'Point Loma Sportfishing'
2025-10-16 21:48:42,970 - INFO -      +3: 'San Diego, CA'
2025-10-16 21:48:42,970 - INFO -    Incomplete data, skipping
2025-10-16 21:48:42,970 - INFO - 🔍 Found boat: Point Loma at line 80
2025-10-16 21:48:42,970 - INFO -    Next lines:
2025-10-16 21:48:42,970 - INFO -      +0: 'San Diego, CA'
2025-10-16 21:48:42,970 - INFO -      +1: '11 Anglers1/2 Day AM'
2025-10-16 21:48:42,971 - INFO -      +2: '4 Barred Sand Bass, 20 Whitefish, 20 Rockfish, 22 Red Rockfish'
2025-10-16 21:48:42,971 - INFO -      +3: 'Seaforth Sportfishing Fish Counts'
2025-10-16 21:48:42,971 - INFO -    Found 11 anglers, trip: '1/2 Day AM' at offset +1
2025-10-16 21:48:42,971 - INFO -    Catches: '4 Barred Sand Bass, 20 Whitefish, 20 Rockfish, 22 Red Rockfish'
2025-10-16 21:48:42,971 - INFO - ✅ Parsed: Point Loma - 4 species, 11 anglers
2025-10-16 21:48:42,971 - INFO - 📍 Landing header detected: Seaforth Sportfishing
2025-10-16 21:48:42,971 - INFO - 🔍 Found boat: Boat at line 86
2025-10-16 21:48:42,971 - INFO -    Next lines:
2025-10-16 21:48:42,971 - INFO -      +0: 'Dock Totals'
2025-10-16 21:48:42,971 - INFO -      +1: 'New Seaforth'
2025-10-16 21:48:42,971 - INFO -      +2: 'Seaforth Sportfishing'
2025-10-16 21:48:42,971 - INFO -      +3: 'San Diego, CA'
2025-10-16 21:48:42,971 - INFO -    Incomplete data, skipping
2025-10-16 21:48:42,971 - INFO - 🔍 Found boat: New Seaforth at line 89
2025-10-16 21:48:42,971 - INFO -    Next lines:
2025-10-16 21:48:42,971 - INFO -      +0: 'San Diego, CA'
2025-10-16 21:48:42,971 - INFO -      +1: '18 Anglers1/2 Day AM'
2025-10-16 21:48:42,971 - INFO -      +2: '6 Sculpin, 25 Rockfish, 7 Vermilion Rockfish'
2025-10-16 21:48:42,971 - INFO -      +3: 'New Seaforth'
2025-10-16 21:48:42,971 - INFO -    Found 18 anglers, trip: '1/2 Day AM' at offset +1
2025-10-16 21:48:42,971 - INFO -    Catches: '6 Sculpin, 25 Rockfish, 7 Vermilion Rockfish'
2025-10-16 21:48:42,971 - INFO - ✅ Parsed: New Seaforth - 3 species, 18 anglers
2025-10-16 21:48:42,971 - INFO - 🔍 Found boat: New Seaforth at line 94
2025-10-16 21:48:42,971 - INFO -    Next lines:
2025-10-16 21:48:42,971 - INFO -      +0: 'San Diego, CA'
2025-10-16 21:48:42,971 - INFO -      +1: '12 Anglers1/2 Day PM'
2025-10-16 21:48:42,971 - INFO -      +2: '2 Sculpin, 2 Whitefish, 48 Rockfish, 11 Vermilion Rockfish'
2025-10-16 21:48:42,971 - INFO -      +3: 'San Diego'
2025-10-16 21:48:42,971 - INFO -    Found 12 anglers, trip: '1/2 Day PM' at offset +1
2025-10-16 21:48:42,971 - INFO -    Catches: '2 Sculpin, 2 Whitefish, 48 Rockfish, 11 Vermilion Rockfish'
2025-10-16 21:48:42,971 - INFO - ✅ Parsed: New Seaforth - 4 species, 12 anglers
2025-10-16 21:48:42,971 - INFO - 🔍 Found boat: San Diego at line 99
2025-10-16 21:48:42,972 - INFO -    Next lines:
2025-10-16 21:48:42,972 - INFO -      +0: 'San Diego, CA'
2025-10-16 21:48:42,972 - INFO -      +1: '10 AnglersFull Day'
2025-10-16 21:48:42,972 - INFO -      +2: '2 Whitefish, 50 Rockfish, 35 Vermilion Rockfish'
2025-10-16 21:48:42,972 - INFO -      +3: 'Previous Day Next Day'
2025-10-16 21:48:42,972 - INFO -    Found 10 anglers, trip: 'Full Day' at offset +1
2025-10-16 21:48:42,972 - INFO -    Catches: '2 Whitefish, 50 Rockfish, 35 Vermilion Rockfish'
2025-10-16 21:48:42,972 - INFO - ✅ Parsed: San Diego - 3 species, 10 anglers
2025-10-16 21:48:42,972 - INFO - ✅ Total trips parsed: 8
2025-10-16 21:48:42,972 - INFO - 📊 Source page: 8 trips
2025-10-16 21:48:43,104 - INFO - HTTP Request: GET https://ulsbtwqhwnrpkourphiq.supabase.co/rest/v1/trips?select=%2A%2Cboats%28name%2Clandings%28name%29%29%2Ccatches%28species%2Ccount%29&trip_date=eq.2025-04-11 "HTTP/2 200 OK"
2025-10-16 21:48:43,105 - INFO - 📊 Database: 8 trips
2025-10-16 21:48:43,105 - INFO - ✅ Match: Dolphin
2025-10-16 21:48:43,105 - INFO - ✅ Match: Premier
2025-10-16 21:48:43,105 - INFO - ✅ Match: Premier
2025-10-16 21:48:43,105 - INFO - ✅ Match: Blue Horizon
2025-10-16 21:48:43,105 - INFO - ✅ Match: Point Loma
2025-10-16 21:48:43,105 - INFO - ✅ Match: New Seaforth
2025-10-16 21:48:43,105 - INFO - ✅ Match: New Seaforth
2025-10-16 21:48:43,105 - INFO - ✅ Match: San Diego
2025-10-16 21:48:43,105 - INFO - 
================================================================================
2025-10-16 21:48:43,105 - INFO - ✅ QC PASSED: 2025-04-11
2025-10-16 21:48:43,105 - INFO - 📊 Matches: 8/8
2025-10-16 21:48:43,106 - INFO - ⚠️  Mismatches: 0
2025-10-16 21:48:43,106 - INFO - ⚠️  Missing boats: 0
2025-10-16 21:48:43,106 - INFO - ⚠️  Extra boats: 0
2025-10-16 21:48:43,106 - INFO - ================================================================================

2025-10-16 21:48:45,111 - INFO - 
================================================================================
2025-10-16 21:48:45,111 - INFO - 🔍 QC VALIDATION: 2025-04-12
2025-10-16 21:48:45,111 - INFO - ================================================================================
2025-10-16 21:48:45,111 - INFO - 🌐 Fetching: https://www.sandiegofishreports.com/dock_totals/boats.php?date=2025-04-12
2025-10-16 21:48:45,857 - INFO - ✅ Fetched 43721 bytes
2025-10-16 21:48:45,865 - INFO - 📍 Landing header detected: Southern CaliforniaPrevious Day Next Day
2025-10-16 21:48:45,865 - INFO - 📍 Landing header detected: Fisherman's Landing
2025-10-16 21:48:45,865 - INFO - 🔍 Found boat: Boat at line 40
2025-10-16 21:48:45,865 - INFO -    Next lines:
2025-10-16 21:48:45,865 - INFO -      +0: 'Dock Totals'
2025-10-16 21:48:45,865 - INFO -      +1: 'Dolphin'
2025-10-16 21:48:45,865 - INFO -      +2: 'Fisherman's Landing'
2025-10-16 21:48:45,865 - INFO -      +3: 'San Diego, CA'
2025-10-16 21:48:45,865 - INFO -    Incomplete data, skipping
2025-10-16 21:48:45,865 - INFO - 🔍 Found boat: Dolphin at line 43
2025-10-16 21:48:45,865 - INFO -    Next lines:
2025-10-16 21:48:45,865 - INFO -      +0: 'San Diego, CA'
2025-10-16 21:48:45,865 - INFO -      +1: '18 Anglers1/2 Day PM'
2025-10-16 21:48:45,865 - INFO -      +2: '7 Sculpin, 8 Sheephead, 16 Rockfish'
2025-10-16 21:48:45,865 - INFO -      +3: 'Dolphin'
2025-10-16 21:48:45,865 - INFO -    Found 18 anglers, trip: '1/2 Day PM' at offset +1
2025-10-16 21:48:45,865 - INFO -    Catches: '7 Sculpin, 8 Sheephead, 16 Rockfish'
2025-10-16 21:48:45,866 - INFO - ✅ Parsed: Dolphin - 3 species, 18 anglers
2025-10-16 21:48:45,866 - INFO - 🔍 Found boat: Dolphin at line 48
2025-10-16 21:48:45,866 - INFO -    Next lines:
2025-10-16 21:48:45,866 - INFO -      +0: 'San Diego, CA'
2025-10-16 21:48:45,866 - INFO -      +1: '53 Anglers1/2 Day AM'
2025-10-16 21:48:45,866 - INFO -      +2: '3 Sand Bass, 28 Sculpin, 7 Sheephead, 1 Calico Bass, 74 Rockfish'
2025-10-16 21:48:45,866 - INFO -      +3: 'H&M Landing Fish Counts'
2025-10-16 21:48:45,866 - INFO -    Found 53 anglers, trip: '1/2 Day AM' at offset +1
2025-10-16 21:48:45,866 - INFO -    Catches: '3 Sand Bass, 28 Sculpin, 7 Sheephead, 1 Calico Bass, 74 Rockfish'
2025-10-16 21:48:45,866 - INFO - ✅ Parsed: Dolphin - 5 species, 53 anglers
2025-10-16 21:48:45,866 - INFO - 📍 Landing header detected: H&M Landing
2025-10-16 21:48:45,866 - INFO - 🔍 Found boat: Boat at line 54
2025-10-16 21:48:45,866 - INFO -    Next lines:
2025-10-16 21:48:45,866 - INFO -      +0: 'Dock Totals'
2025-10-16 21:48:45,866 - INFO -      +1: 'Horizon'
2025-10-16 21:48:45,866 - INFO -      +2: 'H&M Landing'
2025-10-16 21:48:45,866 - INFO -      +3: 'San Diego, CA'
2025-10-16 21:48:45,866 - INFO -    Incomplete data, skipping
2025-10-16 21:48:45,866 - INFO - 🔍 Found boat: Horizon at line 57
2025-10-16 21:48:45,866 - INFO -    Next lines:
2025-10-16 21:48:45,866 - INFO -      +0: 'San Diego, CA'
2025-10-16 21:48:45,866 - INFO -      +1: '23 AnglersFull DayCoronado Islands'
2025-10-16 21:48:45,866 - INFO -      +2: '2 Sculpin, 1 Sheephead, 1 Lingcod, 102 Whitefish, 113 Rockfish, 11 Red Rockfish'
2025-10-16 21:48:45,866 - INFO -      +3: 'Premier'
2025-10-16 21:48:45,866 - INFO -    Found 23 anglers, trip: 'Full DayCoronado Islands' at offset +1
2025-10-16 21:48:45,866 - INFO -    Catches: '2 Sculpin, 1 Sheephead, 1 Lingcod, 102 Whitefish, 113 Rockfish, 11 Red Rockfish'
2025-10-16 21:48:45,866 - INFO - ✅ Parsed: Horizon - 6 species, 23 anglers
2025-10-16 21:48:45,866 - INFO - 🔍 Found boat: Premier at line 62
2025-10-16 21:48:45,866 - INFO -    Next lines:
2025-10-16 21:48:45,866 - INFO -      +0: 'San Diego, CA'
2025-10-16 21:48:45,866 - INFO -      +1: '29 Anglers1/2 Day PM'
2025-10-16 21:48:45,866 - INFO -      +2: '22 Sand Bass, 52 Sculpin, 2 Calico Bass, 71 Rockfish'
2025-10-16 21:48:45,866 - INFO -      +3: 'Helgrens Sportfishing Fish Counts'
2025-10-16 21:48:45,867 - INFO -    Found 29 anglers, trip: '1/2 Day PM' at offset +1
2025-10-16 21:48:45,867 - INFO -    Catches: '22 Sand Bass, 52 Sculpin, 2 Calico Bass, 71 Rockfish'
2025-10-16 21:48:45,867 - INFO - ✅ Parsed: Premier - 4 species, 29 anglers
2025-10-16 21:48:45,867 - INFO - 📍 Landing header detected: Helgrens Sportfishing
2025-10-16 21:48:45,867 - INFO - 🔍 Found boat: Boat at line 68
2025-10-16 21:48:45,867 - INFO -    Next lines:
2025-10-16 21:48:45,867 - INFO -      +0: 'Dock Totals'
2025-10-16 21:48:45,867 - INFO -      +1: 'Electra'
2025-10-16 21:48:45,867 - INFO -      +2: 'Helgrens Sportfishing'
2025-10-16 21:48:45,867 - INFO -      +3: 'Oceanside, CA'
2025-10-16 21:48:45,867 - INFO -    Incomplete data, skipping
2025-10-16 21:48:45,867 - INFO - 🔍 Found boat: Electra at line 71
2025-10-16 21:48:45,867 - INFO -    Next lines:
2025-10-16 21:48:45,867 - INFO -      +0: 'Oceanside, CA'
2025-10-16 21:48:45,867 - INFO -      +1: '36 Anglers1/2 Day AM'
2025-10-16 21:48:45,867 - INFO -      +2: '21 Sculpin, 1 Copper Rockfish, 35 Rockfish, 59 Sanddab, 11 Red Rockfish'
2025-10-16 21:48:45,867 - INFO -      +3: 'Oceanside Sea Center Fish Counts'
2025-10-16 21:48:45,867 - INFO -    Found 36 anglers, trip: '1/2 Day AM' at offset +1
2025-10-16 21:48:45,867 - INFO -    Catches: '21 Sculpin, 1 Copper Rockfish, 35 Rockfish, 59 Sanddab, 11 Red Rockfish'
2025-10-16 21:48:45,867 - INFO - ✅ Parsed: Electra - 5 species, 36 anglers
2025-10-16 21:48:45,867 - INFO - 📍 Landing header detected: Oceanside Sea Center
2025-10-16 21:48:45,867 - INFO - 🔍 Found boat: Boat at line 77
2025-10-16 21:48:45,867 - INFO -    Next lines:
2025-10-16 21:48:45,867 - INFO -      +0: 'Dock Totals'
2025-10-16 21:48:45,867 - INFO -      +1: 'Pronto'
2025-10-16 21:48:45,867 - INFO -      +2: 'Oceanside Sea Center'
2025-10-16 21:48:45,867 - INFO -      +3: 'Oceanside, CA'
2025-10-16 21:48:45,867 - INFO -    Incomplete data, skipping
2025-10-16 21:48:45,867 - INFO - 🔍 Found boat: Pronto at line 80
2025-10-16 21:48:45,867 - INFO -    Next lines:
2025-10-16 21:48:45,867 - INFO -      +0: 'Oceanside, CA'
2025-10-16 21:48:45,867 - INFO -      +1: '6 Anglers3/4 DayLocal'
2025-10-16 21:48:45,868 - INFO -      +2: '2 Sculpin, 60 Rockfish, 20 Sanddab'
2025-10-16 21:48:45,868 - INFO -      +3: 'Southern Cal'
2025-10-16 21:48:45,868 - INFO -    Found 6 anglers, trip: '3/4 DayLocal' at offset +1
2025-10-16 21:48:45,868 - INFO -    Catches: '2 Sculpin, 60 Rockfish, 20 Sanddab'
2025-10-16 21:48:45,868 - INFO - ✅ Parsed: Pronto - 3 species, 6 anglers
2025-10-16 21:48:45,868 - INFO - 🔍 Found boat: Southern Cal at line 85
2025-10-16 21:48:45,868 - INFO -    Next lines:
2025-10-16 21:48:45,868 - INFO -      +0: 'Oceanside, CA'
2025-10-16 21:48:45,868 - INFO -      +1: '28 Anglers1/2 Day AM'
2025-10-16 21:48:45,868 - INFO -      +2: '1 Sand Bass, 101 Sculpin, 13 Whitefish, 82 Rockfish, 20 Sanddab, 50 Sculpin Released'
2025-10-16 21:48:45,868 - INFO -      +3: 'Point Loma Sportfishing Fish Counts'
2025-10-16 21:48:45,868 - INFO -    Found 28 anglers, trip: '1/2 Day AM' at offset +1
2025-10-16 21:48:45,868 - INFO -    Catches: '1 Sand Bass, 101 Sculpin, 13 Whitefish, 82 Rockfish, 20 Sanddab, 50 Sculpin Released'
2025-10-16 21:48:45,868 - INFO - ✅ Parsed: Southern Cal - 5 species, 28 anglers
2025-10-16 21:48:45,868 - INFO - 📍 Landing header detected: Point Loma Sportfishing
2025-10-16 21:48:45,868 - INFO - 🔍 Found boat: Boat at line 91
2025-10-16 21:48:45,868 - INFO -    Next lines:
2025-10-16 21:48:45,868 - INFO -      +0: 'Dock Totals'
2025-10-16 21:48:45,868 - INFO -      +1: 'Point Loma'
2025-10-16 21:48:45,868 - INFO -      +2: 'Point Loma Sportfishing'
2025-10-16 21:48:45,868 - INFO -      +3: 'San Diego, CA'
2025-10-16 21:48:45,868 - INFO -    Incomplete data, skipping
2025-10-16 21:48:45,868 - INFO - 🔍 Found boat: Point Loma at line 94
2025-10-16 21:48:45,868 - INFO -    Next lines:
2025-10-16 21:48:45,868 - INFO -      +0: 'San Diego, CA'
2025-10-16 21:48:45,868 - INFO -      +1: '14 Anglers1/2 Day AM'
2025-10-16 21:48:45,868 - INFO -      +2: '6 Barred Sand Bass, 4 Whitefish, 10 Rockfish, 28 Red Rockfish'
2025-10-16 21:48:45,868 - INFO -      +3: 'Seaforth Sportfishing Fish Counts'
2025-10-16 21:48:45,868 - INFO -    Found 14 anglers, trip: '1/2 Day AM' at offset +1
2025-10-16 21:48:45,868 - INFO -    Catches: '6 Barred Sand Bass, 4 Whitefish, 10 Rockfish, 28 Red Rockfish'
2025-10-16 21:48:45,868 - INFO - ✅ Parsed: Point Loma - 4 species, 14 anglers
2025-10-16 21:48:45,868 - INFO - 📍 Landing header detected: Seaforth Sportfishing
2025-10-16 21:48:45,869 - INFO - 🔍 Found boat: Boat at line 100
2025-10-16 21:48:45,869 - INFO -    Next lines:
2025-10-16 21:48:45,869 - INFO -      +0: 'Dock Totals'
2025-10-16 21:48:45,869 - INFO -      +1: 'New Seaforth'
2025-10-16 21:48:45,869 - INFO -      +2: 'Seaforth Sportfishing'
2025-10-16 21:48:45,869 - INFO -      +3: 'San Diego, CA'
2025-10-16 21:48:45,869 - INFO -    Incomplete data, skipping
2025-10-16 21:48:45,869 - INFO - 🔍 Found boat: New Seaforth at line 103
2025-10-16 21:48:45,869 - INFO -    Next lines:
2025-10-16 21:48:45,869 - INFO -      +0: 'San Diego, CA'
2025-10-16 21:48:45,869 - INFO -      +1: '53 Anglers1/2 Day PM'
2025-10-16 21:48:45,869 - INFO -      +2: '1 Sand Bass, 5 Sculpin, 7 Whitefish, 46 Rockfish, 18 Vermilion Rockfish'
2025-10-16 21:48:45,869 - INFO -      +3: 'New Seaforth'
2025-10-16 21:48:45,869 - INFO -    Found 53 anglers, trip: '1/2 Day PM' at offset +1
2025-10-16 21:48:45,869 - INFO -    Catches: '1 Sand Bass, 5 Sculpin, 7 Whitefish, 46 Rockfish, 18 Vermilion Rockfish'
2025-10-16 21:48:45,869 - INFO - ✅ Parsed: New Seaforth - 5 species, 53 anglers
2025-10-16 21:48:45,869 - INFO - 🔍 Found boat: New Seaforth at line 108
2025-10-16 21:48:45,869 - INFO -    Next lines:
2025-10-16 21:48:45,869 - INFO -      +0: 'San Diego, CA'
2025-10-16 21:48:45,869 - INFO -      +1: '20 Anglers1/2 Day PM'
2025-10-16 21:48:45,869 - INFO -      +2: '3 Sculpin, 19 Whitefish, 26 Rockfish, 3 Vermilion Rockfish'
2025-10-16 21:48:45,869 - INFO -      +3: 'Previous Day Next Day'
2025-10-16 21:48:45,869 - INFO -    Found 20 anglers, trip: '1/2 Day PM' at offset +1
2025-10-16 21:48:45,869 - INFO -    Catches: '3 Sculpin, 19 Whitefish, 26 Rockfish, 3 Vermilion Rockfish'
2025-10-16 21:48:45,869 - INFO - ✅ Parsed: New Seaforth - 4 species, 20 anglers
2025-10-16 21:48:45,869 - INFO - ✅ Total trips parsed: 10
2025-10-16 21:48:45,869 - INFO - 📊 Source page: 10 trips
2025-10-16 21:48:45,929 - INFO - HTTP Request: GET https://ulsbtwqhwnrpkourphiq.supabase.co/rest/v1/trips?select=%2A%2Cboats%28name%2Clandings%28name%29%29%2Ccatches%28species%2Ccount%29&trip_date=eq.2025-04-12 "HTTP/2 200 OK"
2025-10-16 21:48:45,930 - INFO - 📊 Database: 10 trips
2025-10-16 21:48:45,930 - INFO - ✅ Match: Dolphin
2025-10-16 21:48:45,930 - INFO - ✅ Match: Dolphin
2025-10-16 21:48:45,931 - INFO - ✅ Match: Horizon
2025-10-16 21:48:45,931 - INFO - ✅ Match: Premier
2025-10-16 21:48:45,931 - INFO - ✅ Match: Electra
2025-10-16 21:48:45,931 - INFO - ✅ Match: Pronto
2025-10-16 21:48:45,931 - INFO - ✅ Match: Southern Cal
2025-10-16 21:48:45,931 - INFO - ✅ Match: Point Loma
2025-10-16 21:48:45,931 - INFO - ✅ Match: New Seaforth
2025-10-16 21:48:45,931 - INFO - ✅ Match: New Seaforth
2025-10-16 21:48:45,931 - INFO - 
================================================================================
2025-10-16 21:48:45,931 - INFO - ✅ QC PASSED: 2025-04-12
2025-10-16 21:48:45,931 - INFO - 📊 Matches: 10/10
2025-10-16 21:48:45,931 - INFO - ⚠️  Mismatches: 0
2025-10-16 21:48:45,931 - INFO - ⚠️  Missing boats: 0
2025-10-16 21:48:45,931 - INFO - ⚠️  Extra boats: 0
2025-10-16 21:48:45,931 - INFO - ================================================================================

2025-10-16 21:48:47,935 - INFO - 
================================================================================
2025-10-16 21:48:47,935 - INFO - 🔍 QC VALIDATION: 2025-04-13
2025-10-16 21:48:47,935 - INFO - ================================================================================
2025-10-16 21:48:47,935 - INFO - 🌐 Fetching: https://www.sandiegofishreports.com/dock_totals/boats.php?date=2025-04-13
2025-10-16 21:48:48,708 - INFO - ✅ Fetched 40374 bytes
2025-10-16 21:48:48,714 - INFO - 📍 Landing header detected: Southern CaliforniaPrevious Day Next Day
2025-10-16 21:48:48,714 - INFO - 📍 Landing header detected: Oceanside Sea Center
2025-10-16 21:48:48,714 - INFO - 🔍 Found boat: Boat at line 39
2025-10-16 21:48:48,714 - INFO -    Next lines:
2025-10-16 21:48:48,715 - INFO -      +0: 'Dock Totals'
2025-10-16 21:48:48,715 - INFO -      +1: 'Blue Horizon'
2025-10-16 21:48:48,715 - INFO -      +2: 'Oceanside Sea Center'
2025-10-16 21:48:48,715 - INFO -      +3: 'Oceanside, CA'
2025-10-16 21:48:48,715 - INFO -    Incomplete data, skipping
2025-10-16 21:48:48,715 - INFO - 🔍 Found boat: Blue Horizon at line 42
2025-10-16 21:48:48,715 - INFO -    Next lines:
2025-10-16 21:48:48,715 - INFO -      +0: 'Oceanside, CA'
2025-10-16 21:48:48,715 - INFO -      +1: '18 Anglers1/2 Day AM'
2025-10-16 21:48:48,715 - INFO -      +2: '7 Sculpin, 1 Whitefish, 23 Rockfish, 20 Sanddab'
2025-10-16 21:48:48,715 - INFO -      +3: 'Southern Cal'
2025-10-16 21:48:48,715 - INFO -    Found 18 anglers, trip: '1/2 Day AM' at offset +1
2025-10-16 21:48:48,715 - INFO -    Catches: '7 Sculpin, 1 Whitefish, 23 Rockfish, 20 Sanddab'
2025-10-16 21:48:48,715 - INFO - ✅ Parsed: Blue Horizon - 4 species, 18 anglers
2025-10-16 21:48:48,715 - INFO - 🔍 Found boat: Southern Cal at line 47
2025-10-16 21:48:48,715 - INFO -    Next lines:
2025-10-16 21:48:48,715 - INFO -      +0: 'Oceanside, CA'
2025-10-16 21:48:48,715 - INFO -      +1: '28 Anglers1/2 Day AM'
2025-10-16 21:48:48,715 - INFO -      +2: '25 Sculpin, 1 Whitefish, 83 Rockfish, 60 Sanddab'
2025-10-16 21:48:48,715 - INFO -      +3: 'Seaforth Sportfishing Fish Counts'
2025-10-16 21:48:48,715 - INFO -    Found 28 anglers, trip: '1/2 Day AM' at offset +1
2025-10-16 21:48:48,715 - INFO -    Catches: '25 Sculpin, 1 Whitefish, 83 Rockfish, 60 Sanddab'
2025-10-16 21:48:48,715 - INFO - ✅ Parsed: Southern Cal - 4 species, 28 anglers
2025-10-16 21:48:48,715 - INFO - 📍 Landing header detected: Seaforth Sportfishing
2025-10-16 21:48:48,715 - INFO - 🔍 Found boat: Boat at line 53
2025-10-16 21:48:48,715 - INFO -    Next lines:
2025-10-16 21:48:48,715 - INFO -      +0: 'Dock Totals'
2025-10-16 21:48:48,715 - INFO -      +1: 'El Gato Dos'
2025-10-16 21:48:48,715 - INFO -      +2: 'Seaforth Sportfishing'
2025-10-16 21:48:48,715 - INFO -      +3: 'San Diego, CA'
2025-10-16 21:48:48,715 - INFO -    Incomplete data, skipping
2025-10-16 21:48:48,716 - INFO - 🔍 Found boat: Seaforth Sportfishing at line 57
2025-10-16 21:48:48,716 - INFO -    Next lines:
2025-10-16 21:48:48,716 - INFO -      +0: '6 Anglers3/4 Day'
2025-10-16 21:48:48,716 - INFO -      +1: '45 Rockfish'
2025-10-16 21:48:48,716 - INFO -      +2: 'New Seaforth'
2025-10-16 21:48:48,716 - INFO -      +3: 'Seaforth Sportfishing'
2025-10-16 21:48:48,716 - INFO -    Found 6 anglers, trip: '3/4 Day' at offset +0
2025-10-16 21:48:48,716 - INFO -    Catches: '45 Rockfish'
2025-10-16 21:48:48,716 - INFO - ✅ Parsed: Seaforth Sportfishing - 1 species, 6 anglers
2025-10-16 21:48:48,716 - INFO - 🔍 Found boat: New Seaforth at line 61
2025-10-16 21:48:48,716 - INFO -    Next lines:
2025-10-16 21:48:48,716 - INFO -      +0: 'San Diego, CA'
2025-10-16 21:48:48,716 - INFO -      +1: '39 Anglers1/2 Day AM'
2025-10-16 21:48:48,716 - INFO -      +2: '2 Sheephead, 5 Whitefish, 30 Rockfish, 25 Vermilion Rockfish'
2025-10-16 21:48:48,716 - INFO -      +3: 'New Seaforth'
2025-10-16 21:48:48,716 - INFO -    Found 39 anglers, trip: '1/2 Day AM' at offset +1
2025-10-16 21:48:48,716 - INFO -    Catches: '2 Sheephead, 5 Whitefish, 30 Rockfish, 25 Vermilion Rockfish'
2025-10-16 21:48:48,716 - INFO - ✅ Parsed: New Seaforth - 4 species, 39 anglers
2025-10-16 21:48:48,716 - INFO - 🔍 Found boat: New Seaforth at line 66
2025-10-16 21:48:48,716 - INFO -    Next lines:
2025-10-16 21:48:48,716 - INFO -      +0: 'San Diego, CA'
2025-10-16 21:48:48,716 - INFO -      +1: '45 Anglers1/2 Day PM'
2025-10-16 21:48:48,716 - INFO -      +2: '4 Sculpin, 7 Whitefish, 70 Rockfish'
2025-10-16 21:48:48,716 - INFO -      +3: 'Previous Day Next Day'
2025-10-16 21:48:48,716 - INFO -    Found 45 anglers, trip: '1/2 Day PM' at offset +1
2025-10-16 21:48:48,716 - INFO -    Catches: '4 Sculpin, 7 Whitefish, 70 Rockfish'
2025-10-16 21:48:48,716 - INFO - ✅ Parsed: New Seaforth - 3 species, 45 anglers
2025-10-16 21:48:48,716 - INFO - ✅ Total trips parsed: 5
2025-10-16 21:48:48,716 - INFO - 📊 Source page: 5 trips
2025-10-16 21:48:48,780 - INFO - HTTP Request: GET https://ulsbtwqhwnrpkourphiq.supabase.co/rest/v1/trips?select=%2A%2Cboats%28name%2Clandings%28name%29%29%2Ccatches%28species%2Ccount%29&trip_date=eq.2025-04-13 "HTTP/2 200 OK"
2025-10-16 21:48:48,781 - INFO - 📊 Database: 5 trips
2025-10-16 21:48:48,782 - INFO - ✅ Match: Blue Horizon
2025-10-16 21:48:48,782 - INFO - ✅ Match: Southern Cal
2025-10-16 21:48:48,782 - INFO - ✅ Match: Seaforth Sportfishing
2025-10-16 21:48:48,782 - INFO - ✅ Match: New Seaforth
2025-10-16 21:48:48,782 - INFO - ✅ Match: New Seaforth
2025-10-16 21:48:48,782 - INFO - 
================================================================================
2025-10-16 21:48:48,782 - INFO - ✅ QC PASSED: 2025-04-13
2025-10-16 21:48:48,782 - INFO - 📊 Matches: 5/5
2025-10-16 21:48:48,782 - INFO - ⚠️  Mismatches: 0
2025-10-16 21:48:48,782 - INFO - ⚠️  Missing boats: 0
2025-10-16 21:48:48,782 - INFO - ⚠️  Extra boats: 0
2025-10-16 21:48:48,782 - INFO - ================================================================================

2025-10-16 21:48:50,787 - INFO - 
================================================================================
2025-10-16 21:48:50,787 - INFO - 🔍 QC VALIDATION: 2025-04-14
2025-10-16 21:48:50,787 - INFO - ================================================================================
2025-10-16 21:48:50,787 - INFO - 🌐 Fetching: https://www.sandiegofishreports.com/dock_totals/boats.php?date=2025-04-14
2025-10-16 21:48:51,535 - INFO - ✅ Fetched 42067 bytes
2025-10-16 21:48:51,541 - INFO - 📍 Landing header detected: Southern CaliforniaPrevious Day Next Day
2025-10-16 21:48:51,541 - INFO - 📍 Landing header detected: Fisherman's Landing
2025-10-16 21:48:51,541 - INFO - 🔍 Found boat: Boat at line 40
2025-10-16 21:48:51,541 - INFO -    Next lines:
2025-10-16 21:48:51,541 - INFO -      +0: 'Dock Totals'
2025-10-16 21:48:51,541 - INFO -      +1: 'Dolphin'
2025-10-16 21:48:51,542 - INFO -      +2: 'Fisherman's Landing'
2025-10-16 21:48:51,542 - INFO -      +3: 'San Diego, CA'
2025-10-16 21:48:51,542 - INFO -    Incomplete data, skipping
2025-10-16 21:48:51,542 - INFO - 🔍 Found boat: Dolphin at line 43
2025-10-16 21:48:51,542 - INFO -    Next lines:
2025-10-16 21:48:51,542 - INFO -      +0: 'San Diego, CA'
2025-10-16 21:48:51,542 - INFO -      +1: '18 Anglers1/2 Day AM'
2025-10-16 21:48:51,542 - INFO -      +2: '9 Sculpin, 54 Rockfish'
2025-10-16 21:48:51,542 - INFO -      +3: 'H&M Landing Fish Counts'
2025-10-16 21:48:51,542 - INFO -    Found 18 anglers, trip: '1/2 Day AM' at offset +1
2025-10-16 21:48:51,542 - INFO -    Catches: '9 Sculpin, 54 Rockfish'
2025-10-16 21:48:51,542 - INFO - ✅ Parsed: Dolphin - 2 species, 18 anglers
2025-10-16 21:48:51,542 - INFO - 📍 Landing header detected: H&M Landing
2025-10-16 21:48:51,542 - INFO - 🔍 Found boat: Boat at line 49
2025-10-16 21:48:51,542 - INFO -    Next lines:
2025-10-16 21:48:51,542 - INFO -      +0: 'Dock Totals'
2025-10-16 21:48:51,542 - INFO -      +1: 'Excalibur'
2025-10-16 21:48:51,542 - INFO -      +2: 'H&M Landing'
2025-10-16 21:48:51,542 - INFO -      +3: 'San Diego, CA'
2025-10-16 21:48:51,542 - INFO -    Incomplete data, skipping
2025-10-16 21:48:51,542 - INFO - 🔍 Found boat: Excalibur at line 52
2025-10-16 21:48:51,542 - INFO -    Next lines:
2025-10-16 21:48:51,542 - INFO -      +0: 'San Diego, CA'
2025-10-16 21:48:51,542 - INFO -      +1: '8 AnglersOvernight'
2025-10-16 21:48:51,542 - INFO -      +2: '10 Whitefish, 70 Rockfish'
2025-10-16 21:48:51,542 - INFO -      +3: 'Premier'
2025-10-16 21:48:51,542 - INFO -    Found 8 anglers, trip: 'Overnight' at offset +1
2025-10-16 21:48:51,542 - INFO -    Catches: '10 Whitefish, 70 Rockfish'
2025-10-16 21:48:51,542 - INFO - ✅ Parsed: Excalibur - 2 species, 8 anglers
2025-10-16 21:48:51,542 - INFO - 🔍 Found boat: Premier at line 57
2025-10-16 21:48:51,542 - INFO -    Next lines:
2025-10-16 21:48:51,542 - INFO -      +0: 'San Diego, CA'
2025-10-16 21:48:51,543 - INFO -      +1: '35 Anglers1/2 Day AM'
2025-10-16 21:48:51,543 - INFO -      +2: 'Premier'
2025-10-16 21:48:51,543 - INFO -      +3: 'H&M Landing'
2025-10-16 21:48:51,543 - INFO -    Found 35 anglers, trip: '1/2 Day AM' at offset +1
2025-10-16 21:48:51,543 - INFO -    Catches: 'Premier'
2025-10-16 21:48:51,543 - INFO - ✅ Parsed: Premier - 0 species, 35 anglers
2025-10-16 21:48:51,543 - INFO - 📍 Landing header detected: Oceanside Sea Center
2025-10-16 21:48:51,543 - INFO - 🔍 Found boat: Boat at line 67
2025-10-16 21:48:51,543 - INFO -    Next lines:
2025-10-16 21:48:51,543 - INFO -      +0: 'Dock Totals'
2025-10-16 21:48:51,543 - INFO -      +1: 'Blue Horizon'
2025-10-16 21:48:51,543 - INFO -      +2: 'Oceanside Sea Center'
2025-10-16 21:48:51,543 - INFO -      +3: 'Oceanside, CA'
2025-10-16 21:48:51,543 - INFO -    Incomplete data, skipping
2025-10-16 21:48:51,543 - INFO - 🔍 Found boat: Blue Horizon at line 70
2025-10-16 21:48:51,543 - INFO -    Next lines:
2025-10-16 21:48:51,543 - INFO -      +0: 'Oceanside, CA'
2025-10-16 21:48:51,543 - INFO -      +1: '6 Anglers1/2 Day AM'
2025-10-16 21:48:51,543 - INFO -      +2: '1 Whitefish, 41 Rockfish, 7 Sanddab'
2025-10-16 21:48:51,543 - INFO -      +3: 'Southern Cal'
2025-10-16 21:48:51,543 - INFO -    Found 6 anglers, trip: '1/2 Day AM' at offset +1
2025-10-16 21:48:51,543 - INFO -    Catches: '1 Whitefish, 41 Rockfish, 7 Sanddab'
2025-10-16 21:48:51,544 - INFO - ✅ Parsed: Blue Horizon - 3 species, 6 anglers
2025-10-16 21:48:51,544 - INFO - 🔍 Found boat: Southern Cal at line 75
2025-10-16 21:48:51,544 - INFO -    Next lines:
2025-10-16 21:48:51,544 - INFO -      +0: 'Oceanside, CA'
2025-10-16 21:48:51,544 - INFO -      +1: '12 Anglers1/2 Day AM'
2025-10-16 21:48:51,544 - INFO -      +2: '35 Sculpin, 3 Whitefish, 50 Rockfish, 15 Sanddab, 20 Sculpin Released'
2025-10-16 21:48:51,544 - INFO -      +3: 'Seaforth Sportfishing Fish Counts'
2025-10-16 21:48:51,544 - INFO -    Found 12 anglers, trip: '1/2 Day AM' at offset +1
2025-10-16 21:48:51,544 - INFO -    Catches: '35 Sculpin, 3 Whitefish, 50 Rockfish, 15 Sanddab, 20 Sculpin Released'
2025-10-16 21:48:51,544 - INFO - ✅ Parsed: Southern Cal - 4 species, 12 anglers
2025-10-16 21:48:51,544 - INFO - 📍 Landing header detected: Seaforth Sportfishing
2025-10-16 21:48:51,544 - INFO - 🔍 Found boat: Boat at line 81
2025-10-16 21:48:51,544 - INFO -    Next lines:
2025-10-16 21:48:51,544 - INFO -      +0: 'Dock Totals'
2025-10-16 21:48:51,544 - INFO -      +1: 'New Seaforth'
2025-10-16 21:48:51,544 - INFO -      +2: 'Seaforth Sportfishing'
2025-10-16 21:48:51,544 - INFO -      +3: 'San Diego, CA'
2025-10-16 21:48:51,544 - INFO -    Incomplete data, skipping
2025-10-16 21:48:51,544 - INFO - 🔍 Found boat: New Seaforth at line 84
2025-10-16 21:48:51,544 - INFO -    Next lines:
2025-10-16 21:48:51,544 - INFO -      +0: 'San Diego, CA'
2025-10-16 21:48:51,544 - INFO -      +1: '13 Anglers1/2 Day AM'
2025-10-16 21:48:51,544 - INFO -      +2: '3 Sculpin, 4 Whitefish, 33 Rockfish, 26 Vermilion Rockfish'
2025-10-16 21:48:51,544 - INFO -      +3: 'San Diego'
2025-10-16 21:48:51,544 - INFO -    Found 13 anglers, trip: '1/2 Day AM' at offset +1
2025-10-16 21:48:51,544 - INFO -    Catches: '3 Sculpin, 4 Whitefish, 33 Rockfish, 26 Vermilion Rockfish'
2025-10-16 21:48:51,544 - INFO - ✅ Parsed: New Seaforth - 4 species, 13 anglers
2025-10-16 21:48:51,544 - INFO - 🔍 Found boat: San Diego at line 89
2025-10-16 21:48:51,544 - INFO -    Next lines:
2025-10-16 21:48:51,544 - INFO -      +0: 'San Diego, CA'
2025-10-16 21:48:51,544 - INFO -      +1: '10 AnglersFull Day'
2025-10-16 21:48:51,544 - INFO -      +2: '7 Yellowtail, 50 Bonito'
2025-10-16 21:48:51,545 - INFO -      +3: 'Previous Day Next Day'
2025-10-16 21:48:51,545 - INFO -    Found 10 anglers, trip: 'Full Day' at offset +1
2025-10-16 21:48:51,545 - INFO -    Catches: '7 Yellowtail, 50 Bonito'
2025-10-16 21:48:51,545 - INFO - ✅ Parsed: San Diego - 2 species, 10 anglers
2025-10-16 21:48:51,545 - INFO - ✅ Total trips parsed: 7
2025-10-16 21:48:51,545 - INFO - 📊 Source page: 7 trips
2025-10-16 21:48:51,613 - INFO - HTTP Request: GET https://ulsbtwqhwnrpkourphiq.supabase.co/rest/v1/trips?select=%2A%2Cboats%28name%2Clandings%28name%29%29%2Ccatches%28species%2Ccount%29&trip_date=eq.2025-04-14 "HTTP/2 200 OK"
2025-10-16 21:48:51,614 - INFO - 📊 Database: 7 trips
2025-10-16 21:48:51,614 - INFO - ✅ Match: Dolphin
2025-10-16 21:48:51,614 - INFO - ✅ Match: Excalibur
2025-10-16 21:48:51,614 - INFO - ✅ Match: Premier
2025-10-16 21:48:51,614 - INFO - ✅ Match: Blue Horizon
2025-10-16 21:48:51,614 - INFO - ✅ Match: Southern Cal
2025-10-16 21:48:51,615 - INFO - ✅ Match: New Seaforth
2025-10-16 21:48:51,615 - INFO - ✅ Match: San Diego
2025-10-16 21:48:51,615 - INFO - 
================================================================================
2025-10-16 21:48:51,615 - INFO - ✅ QC PASSED: 2025-04-14
2025-10-16 21:48:51,615 - INFO - 📊 Matches: 7/7
2025-10-16 21:48:51,615 - INFO - ⚠️  Mismatches: 0
2025-10-16 21:48:51,615 - INFO - ⚠️  Missing boats: 0
2025-10-16 21:48:51,615 - INFO - ⚠️  Extra boats: 0
2025-10-16 21:48:51,615 - INFO - ================================================================================

2025-10-16 21:48:53,620 - INFO - 
================================================================================
2025-10-16 21:48:53,620 - INFO - 🔍 QC VALIDATION: 2025-04-15
2025-10-16 21:48:53,620 - INFO - ================================================================================
2025-10-16 21:48:53,620 - INFO - 🌐 Fetching: https://www.sandiegofishreports.com/dock_totals/boats.php?date=2025-04-15
2025-10-16 21:48:54,391 - INFO - ✅ Fetched 42254 bytes
2025-10-16 21:48:54,398 - INFO - 📍 Landing header detected: Southern CaliforniaPrevious Day Next Day
2025-10-16 21:48:54,398 - INFO - 📍 Landing header detected: H&M Landing
2025-10-16 21:48:54,398 - INFO - 🔍 Found boat: Boat at line 41
2025-10-16 21:48:54,398 - INFO -    Next lines:
2025-10-16 21:48:54,398 - INFO -      +0: 'Dock Totals'
2025-10-16 21:48:54,398 - INFO -      +1: 'Premier'
2025-10-16 21:48:54,398 - INFO -      +2: 'H&M Landing'
2025-10-16 21:48:54,398 - INFO -      +3: 'San Diego, CA'
2025-10-16 21:48:54,398 - INFO -    Incomplete data, skipping
2025-10-16 21:48:54,398 - INFO - 🔍 Found boat: Premier at line 44
2025-10-16 21:48:54,398 - INFO -    Next lines:
2025-10-16 21:48:54,398 - INFO -      +0: 'San Diego, CA'
2025-10-16 21:48:54,398 - INFO -      +1: '19 Anglers1/2 Day PM'
2025-10-16 21:48:54,398 - INFO -      +2: '25 Sand Bass, 15 Sculpin, 24 Rockfish'
2025-10-16 21:48:54,399 - INFO -      +3: 'Helgrens Sportfishing Fish Counts'
2025-10-16 21:48:54,399 - INFO -    Found 19 anglers, trip: '1/2 Day PM' at offset +1
2025-10-16 21:48:54,399 - INFO -    Catches: '25 Sand Bass, 15 Sculpin, 24 Rockfish'
2025-10-16 21:48:54,399 - INFO - ✅ Parsed: Premier - 3 species, 19 anglers
2025-10-16 21:48:54,399 - INFO - 📍 Landing header detected: Helgrens Sportfishing
2025-10-16 21:48:54,399 - INFO - 🔍 Found boat: Boat at line 50
2025-10-16 21:48:54,399 - INFO -    Next lines:
2025-10-16 21:48:54,399 - INFO -      +0: 'Dock Totals'
2025-10-16 21:48:54,399 - INFO -      +1: 'Electra'
2025-10-16 21:48:54,399 - INFO -      +2: 'Helgrens Sportfishing'
2025-10-16 21:48:54,399 - INFO -      +3: 'Oceanside, CA'
2025-10-16 21:48:54,399 - INFO -    Incomplete data, skipping
2025-10-16 21:48:54,399 - INFO - 🔍 Found boat: Electra at line 53
2025-10-16 21:48:54,399 - INFO -    Next lines:
2025-10-16 21:48:54,399 - INFO -      +0: 'Oceanside, CA'
2025-10-16 21:48:54,399 - INFO -      +1: '13 Anglers1/2 Day AM'
2025-10-16 21:48:54,399 - INFO -      +2: '1 Sand Bass, 17 Sculpin, 2 Copper Rockfish, 1 Whitefish, 5 Rockfish, 31 Sanddab, 9 Red Rockfish'
2025-10-16 21:48:54,399 - INFO -      +3: 'Oceanside Sea Center Fish Counts'
2025-10-16 21:48:54,399 - INFO -    Found 13 anglers, trip: '1/2 Day AM' at offset +1
2025-10-16 21:48:54,399 - INFO -    Catches: '1 Sand Bass, 17 Sculpin, 2 Copper Rockfish, 1 Whitefish, 5 Rockfish, 31 Sanddab, 9 Red Rockfish'
2025-10-16 21:48:54,399 - INFO - ✅ Parsed: Electra - 7 species, 13 anglers
2025-10-16 21:48:54,399 - INFO - 📍 Landing header detected: Oceanside Sea Center
2025-10-16 21:48:54,399 - INFO - 🔍 Found boat: Boat at line 59
2025-10-16 21:48:54,399 - INFO -    Next lines:
2025-10-16 21:48:54,399 - INFO -      +0: 'Dock Totals'
2025-10-16 21:48:54,399 - INFO -      +1: 'Blue Horizon'
2025-10-16 21:48:54,399 - INFO -      +2: 'Oceanside Sea Center'
2025-10-16 21:48:54,399 - INFO -      +3: 'Oceanside, CA'
2025-10-16 21:48:54,399 - INFO -    Incomplete data, skipping
2025-10-16 21:48:54,399 - INFO - 🔍 Found boat: Blue Horizon at line 62
2025-10-16 21:48:54,399 - INFO -    Next lines:
2025-10-16 21:48:54,399 - INFO -      +0: 'Oceanside, CA'
2025-10-16 21:48:54,400 - INFO -      +1: '16 Anglers3/4 Day'
2025-10-16 21:48:54,400 - INFO -      +2: '12 Sculpin, 160 Rockfish, 40 Sanddab'
2025-10-16 21:48:54,400 - INFO -      +3: 'Sea Star'
2025-10-16 21:48:54,400 - INFO -    Found 16 anglers, trip: '3/4 Day' at offset +1
2025-10-16 21:48:54,400 - INFO -    Catches: '12 Sculpin, 160 Rockfish, 40 Sanddab'
2025-10-16 21:48:54,400 - INFO - ✅ Parsed: Blue Horizon - 3 species, 16 anglers
2025-10-16 21:48:54,400 - INFO - 🔍 Found boat: Sea Star at line 67
2025-10-16 21:48:54,400 - INFO -    Next lines:
2025-10-16 21:48:54,400 - INFO -      +0: 'Oceanside, CA'
2025-10-16 21:48:54,400 - INFO -      +1: '5 Anglers1/2 Day AM'
2025-10-16 21:48:54,400 - INFO -      +2: '2 Sculpin, 2 Sheephead, 7 Whitefish'
2025-10-16 21:48:54,400 - INFO -      +3: 'Seaforth Sportfishing Fish Counts'
2025-10-16 21:48:54,400 - INFO -    Found 5 anglers, trip: '1/2 Day AM' at offset +1
2025-10-16 21:48:54,400 - INFO -    Catches: '2 Sculpin, 2 Sheephead, 7 Whitefish'
2025-10-16 21:48:54,400 - INFO - ✅ Parsed: Sea Star - 3 species, 5 anglers
2025-10-16 21:48:54,400 - INFO - 📍 Landing header detected: Seaforth Sportfishing
2025-10-16 21:48:54,400 - INFO - 🔍 Found boat: Boat at line 73
2025-10-16 21:48:54,400 - INFO -    Next lines:
2025-10-16 21:48:54,400 - INFO -      +0: 'Dock Totals'
2025-10-16 21:48:54,400 - INFO -      +1: 'New Seaforth'
2025-10-16 21:48:54,400 - INFO -      +2: 'Seaforth Sportfishing'
2025-10-16 21:48:54,400 - INFO -      +3: 'San Diego, CA'
2025-10-16 21:48:54,400 - INFO -    Incomplete data, skipping
2025-10-16 21:48:54,400 - INFO - 🔍 Found boat: New Seaforth at line 76
2025-10-16 21:48:54,400 - INFO -    Next lines:
2025-10-16 21:48:54,400 - INFO -      +0: 'San Diego, CA'
2025-10-16 21:48:54,400 - INFO -      +1: '32 Anglers1/2 Day AM'
2025-10-16 21:48:54,400 - INFO -      +2: '34 Sculpin, 1 Sheephead, 2 Whitefish, 85 Rockfish, 64 Vermilion Rockfish'
2025-10-16 21:48:54,400 - INFO -      +3: 'New Seaforth'
2025-10-16 21:48:54,400 - INFO -    Found 32 anglers, trip: '1/2 Day AM' at offset +1
2025-10-16 21:48:54,400 - INFO -    Catches: '34 Sculpin, 1 Sheephead, 2 Whitefish, 85 Rockfish, 64 Vermilion Rockfish'
2025-10-16 21:48:54,400 - INFO - ✅ Parsed: New Seaforth - 5 species, 32 anglers
2025-10-16 21:48:54,401 - INFO - 🔍 Found boat: New Seaforth at line 81
2025-10-16 21:48:54,401 - INFO -    Next lines:
2025-10-16 21:48:54,401 - INFO -      +0: 'San Diego, CA'
2025-10-16 21:48:54,401 - INFO -      +1: '12 Anglers1/2 Day PM'
2025-10-16 21:48:54,401 - INFO -      +2: '4 Sculpin, 15 Rockfish, 11 Vermilion Rockfish'
2025-10-16 21:48:54,401 - INFO -      +3: 'Polaris Supreme'
2025-10-16 21:48:54,401 - INFO -    Found 12 anglers, trip: '1/2 Day PM' at offset +1
2025-10-16 21:48:54,401 - INFO -    Catches: '4 Sculpin, 15 Rockfish, 11 Vermilion Rockfish'
2025-10-16 21:48:54,401 - INFO - ✅ Parsed: New Seaforth - 3 species, 12 anglers
2025-10-16 21:48:54,401 - INFO - 🔍 Found boat: Polaris Supreme at line 86
2025-10-16 21:48:54,401 - INFO -    Next lines:
2025-10-16 21:48:54,401 - INFO -      +0: 'San Diego, CA'
2025-10-16 21:48:54,401 - INFO -      +1: '24 Anglers3 Day'
2025-10-16 21:48:54,401 - INFO -      +2: '2 Bluefin Tuna, 205 Yellowtail'
2025-10-16 21:48:54,401 - INFO -      +3: 'San Diego'
2025-10-16 21:48:54,401 - INFO -    Found 24 anglers, trip: '3 Day' at offset +1
2025-10-16 21:48:54,401 - INFO -    Catches: '2 Bluefin Tuna, 205 Yellowtail'
2025-10-16 21:48:54,401 - INFO - ✅ Parsed: Polaris Supreme - 2 species, 24 anglers
2025-10-16 21:48:54,401 - INFO - 🔍 Found boat: San Diego at line 91
2025-10-16 21:48:54,401 - INFO -    Next lines:
2025-10-16 21:48:54,401 - INFO -      +0: 'San Diego, CA'
2025-10-16 21:48:54,401 - INFO -      +1: '14 AnglersFull Day'
2025-10-16 21:48:54,401 - INFO -      +2: '70 Bonito'
2025-10-16 21:48:54,401 - INFO -      +3: 'Previous Day Next Day'
2025-10-16 21:48:54,401 - INFO -    Found 14 anglers, trip: 'Full Day' at offset +1
2025-10-16 21:48:54,401 - INFO -    Catches: '70 Bonito'
2025-10-16 21:48:54,401 - INFO - ✅ Parsed: San Diego - 1 species, 14 anglers
2025-10-16 21:48:54,401 - INFO - ✅ Total trips parsed: 8
2025-10-16 21:48:54,401 - INFO - 📊 Source page: 8 trips
2025-10-16 21:48:54,469 - INFO - HTTP Request: GET https://ulsbtwqhwnrpkourphiq.supabase.co/rest/v1/trips?select=%2A%2Cboats%28name%2Clandings%28name%29%29%2Ccatches%28species%2Ccount%29&trip_date=eq.2025-04-15 "HTTP/2 200 OK"
2025-10-16 21:48:54,470 - INFO - 📊 Database: 8 trips
2025-10-16 21:48:54,470 - INFO - ✅ Match: Premier
2025-10-16 21:48:54,470 - INFO - ✅ Match: Electra
2025-10-16 21:48:54,470 - INFO - ✅ Match: Blue Horizon
2025-10-16 21:48:54,470 - INFO - ✅ Match: Sea Star
2025-10-16 21:48:54,470 - INFO - ✅ Match: New Seaforth
2025-10-16 21:48:54,470 - INFO - ✅ Match: New Seaforth
2025-10-16 21:48:54,470 - INFO - ✅ Match: Polaris Supreme
2025-10-16 21:48:54,470 - INFO - ✅ Match: San Diego
2025-10-16 21:48:54,471 - INFO - 
================================================================================
2025-10-16 21:48:54,471 - INFO - ✅ QC PASSED: 2025-04-15
2025-10-16 21:48:54,471 - INFO - 📊 Matches: 8/8
2025-10-16 21:48:54,471 - INFO - ⚠️  Mismatches: 0
2025-10-16 21:48:54,471 - INFO - ⚠️  Missing boats: 0
2025-10-16 21:48:54,471 - INFO - ⚠️  Extra boats: 0
2025-10-16 21:48:54,471 - INFO - ================================================================================

2025-10-16 21:48:54,471 - INFO - 
================================================================================
2025-10-16 21:48:54,471 - INFO - 📊 QC VALIDATION SUMMARY
2025-10-16 21:48:54,471 - INFO - ================================================================================
2025-10-16 21:48:54,471 - INFO - 📅 Dates validated: 5
2025-10-16 21:48:54,471 - INFO - ✅ Passed: 5
2025-10-16 21:48:54,471 - INFO - ❌ Failed: 0
2025-10-16 21:48:54,471 - INFO - ⚠️  Errors: 0
2025-10-16 21:48:54,471 - INFO - 
================================================================================
2025-10-16 21:48:54,471 - INFO - 🎉 100% QC VALIDATION PASSED!
2025-10-16 21:48:54,471 - INFO - ================================================================================

2025-10-16 21:48:54,471 - INFO - ✅ Report saved: qc_batch3_apr.json
